[2022-10-12 04:56:16.114] [exthost] [info] Extension host with pid 503179 started
[2022-10-12 04:56:16.128] [exthost] [error] Error: EEXIST: file already exists, open '/home/aleksie/.vscode-server/data/User/workspaceStorage/3a83d54547e86d7dfb5260917eb572a0/vscode.lock'
[2022-10-12 04:56:16.148] [exthost] [info] Lock '/home/aleksie/.vscode-server/data/User/workspaceStorage/3a83d54547e86d7dfb5260917eb572a0/vscode.lock': Could not acquire lock, checking if the file is stale.
[2022-10-12 04:56:16.162] [exthost] [info] Lock '/home/aleksie/.vscode-server/data/User/workspaceStorage/3a83d54547e86d7dfb5260917eb572a0/vscode.lock': The lock does not look stale, elapsed: 543 ms, giving up.
[2022-10-12 04:56:16.169] [exthost] [info] Lock '/home/aleksie/.vscode-server/data/User/workspaceStorage/3a83d54547e86d7dfb5260917eb572a0-1/vscode.lock': Lock acquired.
[2022-10-12 04:56:17.083] [exthost] [info] ExtensionService#_doActivateExtension vscode.typescript-language-features, startup: false, activationEvent: 'onLanguage:javascript'
[2022-10-12 04:56:17.088] [exthost] [info] ExtensionService#_doActivateExtension vscode.debug-auto-launch, startup: true, activationEvent: '*'
[2022-10-12 04:56:17.089] [exthost] [info] ExtensionService#_doActivateExtension vscode.git-base, startup: true, activationEvent: '*', root cause: vscode.git
[2022-10-12 04:56:17.090] [exthost] [info] ExtensionService#_doActivateExtension vscode.ipynb, startup: true, activationEvent: '*'
[2022-10-12 04:56:18.417] [exthost] [info] ExtensionService#_doActivateExtension vscode.git, startup: true, activationEvent: '*'
[2022-10-12 04:56:18.419] [exthost] [info] ExtensionService#_doActivateExtension vscode.github, startup: true, activationEvent: '*'
[2022-10-12 04:56:19.795] [exthost] [info] ExtensionService#_doActivateExtension vscode.emmet, startup: false, activationEvent: 'onStartupFinished'
[2022-10-12 04:56:19.796] [exthost] [info] ExtensionService#_doActivateExtension vscode.merge-conflict, startup: false, activationEvent: 'onStartupFinished'
[2022-10-12 04:56:19.796] [exthost] [info] Eager extensions activated
[2022-10-12 04:56:24.380] [exthost] [info] ExtensionService#_doActivateExtension vscode.configuration-editing, startup: false, activationEvent: 'onLanguage:jsonc'
[2022-10-12 04:56:24.381] [exthost] [info] ExtensionService#_doActivateExtension vscode.json-language-features, startup: false, activationEvent: 'onLanguage:jsonc'
[2022-10-12 04:57:26.849] [exthost] [info] ExtensionService#_doActivateExtension vscode.html-language-features, startup: false, activationEvent: 'onLanguage:html'
[2022-10-12 05:46:32.479] [exthost] [info] Extension host terminating: renderer disconnected for too long (2)
[2022-10-12 05:46:32.549] [exthost] [info] Lock '/home/aleksie/.vscode-server/data/User/workspaceStorage/3a83d54547e86d7dfb5260917eb572a0-1/vscode.lock': Marking the lockfile as scheduled to be released in 6000 ms.
[2022-10-12 05:46:33.673] [exthost] [info] Extension host with pid 503179 exiting with code 0
