[2022-10-12T04:00:30.993Z] Log level: Info
[2022-10-12T04:00:31.007Z] [info] Validating found git in: git
[2022-10-12T04:00:31.080Z] [info] Using git 2.25.1 from git
[2022-10-12T04:00:31.207Z] > git rev-parse --show-toplevel [99ms]
[2022-10-12T04:00:31.207Z] fatal: not a git repository (or any of the parent directories): .git
[2022-10-12T04:00:31.232Z] > git rev-parse --show-toplevel [9ms]
[2022-10-12T04:00:31.232Z] fatal: not a git repository (or any of the parent directories): .git
[2022-10-12T04:00:31.244Z] > git rev-parse --show-toplevel [6ms]
[2022-10-12T04:00:31.244Z] fatal: not a git repository (or any of the parent directories): .git
[2022-10-12T04:00:31.257Z] > git rev-parse --show-toplevel [4ms]
[2022-10-12T04:00:31.257Z] fatal: not a git repository (or any of the parent directories): .git
[2022-10-12T04:00:31.281Z] > git rev-parse --show-toplevel [3ms]
[2022-10-12T04:00:31.281Z] fatal: not a git repository (or any of the parent directories): .git
[2022-10-12T04:00:32.614Z] > git rev-parse --show-toplevel [40ms]
[2022-10-12T04:00:32.614Z] fatal: not a git repository (or any of the parent directories): .git
[2022-10-12T04:00:32.802Z] > git rev-parse --show-toplevel [6ms]
[2022-10-12T04:00:32.802Z] fatal: not a git repository (or any of the parent directories): .git
[2022-10-12T04:00:39.672Z] > git rev-parse --show-toplevel [193ms]
[2022-10-12T04:00:39.672Z] fatal: not a git repository (or any of the parent directories): .git
[2022-10-12T04:00:41.357Z] > git rev-parse --show-toplevel [115ms]
[2022-10-12T04:00:41.357Z] fatal: not a git repository (or any of the parent directories): .git
[2022-10-12T04:00:44.170Z] > git rev-parse --show-toplevel [1042ms]
[2022-10-12T04:00:44.170Z] fatal: not a git repository (or any of the parent directories): .git
[2022-10-12T04:00:45.191Z] > git rev-parse --show-toplevel [57ms]
[2022-10-12T04:00:45.191Z] fatal: not a git repository (or any of the parent directories): .git
[2022-10-12T04:00:46.569Z] > git rev-parse --show-toplevel [28ms]
[2022-10-12T04:00:46.569Z] fatal: not a git repository (or any of the parent directories): .git
[2022-10-12T04:01:12.047Z] > git rev-parse --show-toplevel [4ms]
[2022-10-12T04:01:12.047Z] fatal: not a git repository (or any of the parent directories): .git
[2022-10-12T04:02:19.854Z] > git rev-parse --show-toplevel [14ms]
[2022-10-12T04:02:19.854Z] fatal: not a git repository (or any of the parent directories): .git
[2022-10-12T04:02:39.820Z] > git rev-parse --show-toplevel [12ms]
[2022-10-12T04:02:39.820Z] fatal: not a git repository (or any of the parent directories): .git
[2022-10-12T04:02:40.889Z] > git rev-parse --show-toplevel [5ms]
[2022-10-12T04:02:40.889Z] fatal: not a git repository (or any of the parent directories): .git
[2022-10-12T04:04:12.863Z] > git rev-parse --show-toplevel [12ms]
[2022-10-12T04:04:12.863Z] fatal: not a git repository (or any of the parent directories): .git
[2022-10-12T04:04:15.736Z] > git rev-parse --show-toplevel [3ms]
[2022-10-12T04:04:15.736Z] fatal: not a git repository (or any of the parent directories): .git
[2022-10-12T04:04:16.574Z] > git rev-parse --show-toplevel [3ms]
[2022-10-12T04:04:16.574Z] fatal: not a git repository (or any of the parent directories): .git
[2022-10-12T04:04:44.219Z] > git rev-parse --show-toplevel [3ms]
[2022-10-12T04:04:44.219Z] fatal: not a git repository (or any of the parent directories): .git
[2022-10-12T04:05:45.273Z] > git rev-parse --show-toplevel [8ms]
[2022-10-12T04:05:45.273Z] fatal: not a git repository (or any of the parent directories): .git
[2022-10-12T04:06:03.279Z] > git rev-parse --show-toplevel [3ms]
[2022-10-12T04:06:03.279Z] fatal: not a git repository (or any of the parent directories): .git
[2022-10-12T04:09:11.231Z] > git rev-parse --show-toplevel [3ms]
[2022-10-12T04:09:11.231Z] fatal: not a git repository (or any of the parent directories): .git
[2022-10-12T04:10:09.171Z] > git rev-parse --show-toplevel [3ms]
[2022-10-12T04:10:09.171Z] fatal: not a git repository (or any of the parent directories): .git
[2022-10-12T04:10:10.469Z] > git rev-parse --show-toplevel [5ms]
[2022-10-12T04:10:10.469Z] fatal: not a git repository (or any of the parent directories): .git
[2022-10-12T04:14:27.465Z] > git rev-parse --show-toplevel [3ms]
[2022-10-12T04:14:27.466Z] fatal: not a git repository (or any of the parent directories): .git
[2022-10-12T04:14:33.638Z] > git rev-parse --show-toplevel [3ms]
[2022-10-12T04:14:33.638Z] fatal: not a git repository (or any of the parent directories): .git
[2022-10-12T04:14:34.214Z] > git rev-parse --show-toplevel [2ms]
[2022-10-12T04:14:34.215Z] fatal: not a git repository (or any of the parent directories): .git
[2022-10-12T04:16:12.166Z] > git rev-parse --show-toplevel [6ms]
[2022-10-12T04:16:12.166Z] fatal: not a git repository (or any of the parent directories): .git
[2022-10-12T04:16:16.318Z] > git rev-parse --show-toplevel [5ms]
[2022-10-12T04:16:16.318Z] fatal: not a git repository (or any of the parent directories): .git
[2022-10-12T04:16:18.666Z] > git rev-parse --show-toplevel [10ms]
[2022-10-12T04:16:18.666Z] fatal: not a git repository (or any of the parent directories): .git
[2022-10-12T04:19:59.469Z] > git rev-parse --show-toplevel [5ms]
[2022-10-12T04:19:59.469Z] fatal: not a git repository (or any of the parent directories): .git
[2022-10-12T04:20:01.374Z] > git rev-parse --show-toplevel [2ms]
[2022-10-12T04:20:01.374Z] fatal: not a git repository (or any of the parent directories): .git
[2022-10-12T04:20:01.947Z] > git rev-parse --show-toplevel [2ms]
[2022-10-12T04:20:01.947Z] fatal: not a git repository (or any of the parent directories): .git
[2022-10-12T04:20:32.654Z] > git rev-parse --show-toplevel [2ms]
[2022-10-12T04:20:32.654Z] fatal: not a git repository (or any of the parent directories): .git
[2022-10-12T04:20:39.902Z] > git rev-parse --show-toplevel [2ms]
[2022-10-12T04:20:39.902Z] fatal: not a git repository (or any of the parent directories): .git
[2022-10-12T04:20:41.767Z] > git rev-parse --show-toplevel [3ms]
[2022-10-12T04:20:41.767Z] fatal: not a git repository (or any of the parent directories): .git
[2022-10-12T04:20:44.283Z] > git rev-parse --show-toplevel [3ms]
[2022-10-12T04:20:44.283Z] fatal: not a git repository (or any of the parent directories): .git
[2022-10-12T04:20:44.326Z] > git rev-parse --show-toplevel [2ms]
[2022-10-12T04:20:44.326Z] fatal: not a git repository (or any of the parent directories): .git
[2022-10-12T04:21:00.974Z] > git rev-parse --show-toplevel [6ms]
[2022-10-12T04:21:00.974Z] fatal: not a git repository (or any of the parent directories): .git
[2022-10-12T04:21:56.367Z] > git rev-parse --show-toplevel [8ms]
[2022-10-12T04:21:56.368Z] fatal: not a git repository (or any of the parent directories): .git
[2022-10-12T04:21:57.351Z] > git rev-parse --show-toplevel [5ms]
[2022-10-12T04:21:57.351Z] fatal: not a git repository (or any of the parent directories): .git
