[2022-10-12 02:44:18.669] [exthost] [info] Extension host with pid 501922 started
[2022-10-12 02:44:18.678] [exthost] [error] Error: EEXIST: file already exists, open '/home/aleksie/.vscode-server/data/User/workspaceStorage/3a83d54547e86d7dfb5260917eb572a0/vscode.lock'
[2022-10-12 02:44:18.690] [exthost] [info] Lock '/home/aleksie/.vscode-server/data/User/workspaceStorage/3a83d54547e86d7dfb5260917eb572a0/vscode.lock': Could not acquire lock, checking if the file is stale.
[2022-10-12 02:44:18.704] [exthost] [info] Lock '/home/aleksie/.vscode-server/data/User/workspaceStorage/3a83d54547e86d7dfb5260917eb572a0/vscode.lock': The lock does not look stale, elapsed: 234 ms, giving up.
[2022-10-12 02:44:18.713] [exthost] [info] Lock '/home/aleksie/.vscode-server/data/User/workspaceStorage/3a83d54547e86d7dfb5260917eb572a0-1/vscode.lock': Lock acquired.
[2022-10-12 02:44:20.004] [exthost] [info] ExtensionService#_doActivateExtension vscode.typescript-language-features, startup: false, activationEvent: 'onLanguage:javascript'
[2022-10-12 02:44:20.007] [exthost] [info] ExtensionService#_doActivateExtension vscode.debug-auto-launch, startup: true, activationEvent: '*'
[2022-10-12 02:44:20.008] [exthost] [info] ExtensionService#_doActivateExtension vscode.git-base, startup: true, activationEvent: '*', root cause: vscode.git
[2022-10-12 02:44:20.009] [exthost] [info] ExtensionService#_doActivateExtension vscode.ipynb, startup: true, activationEvent: '*'
[2022-10-12 02:44:21.120] [exthost] [info] ExtensionService#_doActivateExtension vscode.git, startup: true, activationEvent: '*'
[2022-10-12 02:44:21.122] [exthost] [info] ExtensionService#_doActivateExtension vscode.github, startup: true, activationEvent: '*'
[2022-10-12 02:44:21.843] [exthost] [info] ExtensionService#_doActivateExtension vscode.emmet, startup: false, activationEvent: 'onStartupFinished'
[2022-10-12 02:44:21.844] [exthost] [info] ExtensionService#_doActivateExtension vscode.merge-conflict, startup: false, activationEvent: 'onStartupFinished'
[2022-10-12 02:44:21.844] [exthost] [info] Eager extensions activated
[2022-10-12 02:44:25.835] [exthost] [info] ExtensionService#_doActivateExtension vscode.html-language-features, startup: false, activationEvent: 'onLanguage:html'
[2022-10-12 02:44:56.276] [exthost] [info] ExtensionService#_doActivateExtension vscode.php-language-features, startup: false, activationEvent: 'onLanguage:php'
[2022-10-12 02:49:33.941] [exthost] [info] ExtensionService#_doActivateExtension ms-azuretools.vscode-docker, startup: false, activationEvent: 'onLanguage:dockercompose'
[2022-10-12 04:05:22.904] [exthost] [info] Extension host terminating: renderer disconnected for too long (2)
[2022-10-12 04:05:22.939] [exthost] [info] Lock '/home/aleksie/.vscode-server/data/User/workspaceStorage/3a83d54547e86d7dfb5260917eb572a0-1/vscode.lock': Marking the lockfile as scheduled to be released in 6000 ms.
[2022-10-12 04:05:23.298] [exthost] [info] Extension host with pid 501922 exiting with code 0
