[2022-10-12 04:59:52.156] [exthost] [info] Extension host with pid 503477 started
[2022-10-12 04:59:52.164] [exthost] [error] Error: EEXIST: file already exists, open '/home/aleksie/.vscode-server/data/User/workspaceStorage/3a83d54547e86d7dfb5260917eb572a0/vscode.lock'
[2022-10-12 04:59:52.175] [exthost] [info] Lock '/home/aleksie/.vscode-server/data/User/workspaceStorage/3a83d54547e86d7dfb5260917eb572a0/vscode.lock': Could not acquire lock, checking if the file is stale.
[2022-10-12 04:59:52.186] [exthost] [info] Lock '/home/aleksie/.vscode-server/data/User/workspaceStorage/3a83d54547e86d7dfb5260917eb572a0/vscode.lock': The lock does not look stale, elapsed: 375 ms, giving up.
[2022-10-12 04:59:52.188] [exthost] [error] Error: EEXIST: file already exists, open '/home/aleksie/.vscode-server/data/User/workspaceStorage/3a83d54547e86d7dfb5260917eb572a0-1/vscode.lock'
[2022-10-12 04:59:52.189] [exthost] [info] Lock '/home/aleksie/.vscode-server/data/User/workspaceStorage/3a83d54547e86d7dfb5260917eb572a0-1/vscode.lock': Could not acquire lock, checking if the file is stale.
[2022-10-12 04:59:52.190] [exthost] [info] Lock '/home/aleksie/.vscode-server/data/User/workspaceStorage/3a83d54547e86d7dfb5260917eb572a0-1/vscode.lock': The lock does not look stale, elapsed: 292 ms, giving up.
[2022-10-12 04:59:52.205] [exthost] [info] Lock '/home/aleksie/.vscode-server/data/User/workspaceStorage/3a83d54547e86d7dfb5260917eb572a0-2/vscode.lock': Lock acquired.
[2022-10-12 04:59:52.882] [exthost] [info] ExtensionService#_doActivateExtension vscode.typescript-language-features, startup: false, activationEvent: 'onLanguage:javascript'
[2022-10-12 04:59:52.885] [exthost] [info] ExtensionService#_doActivateExtension vscode.debug-auto-launch, startup: true, activationEvent: '*'
[2022-10-12 04:59:52.886] [exthost] [info] ExtensionService#_doActivateExtension vscode.git-base, startup: true, activationEvent: '*', root cause: vscode.git
[2022-10-12 04:59:52.888] [exthost] [info] ExtensionService#_doActivateExtension vscode.ipynb, startup: true, activationEvent: '*'
[2022-10-12 04:59:54.025] [exthost] [info] ExtensionService#_doActivateExtension vscode.git, startup: true, activationEvent: '*'
[2022-10-12 04:59:54.027] [exthost] [info] ExtensionService#_doActivateExtension vscode.github, startup: true, activationEvent: '*'
[2022-10-12 04:59:55.144] [exthost] [info] ExtensionService#_doActivateExtension vscode.emmet, startup: false, activationEvent: 'onStartupFinished'
[2022-10-12 04:59:55.148] [exthost] [info] ExtensionService#_doActivateExtension vscode.merge-conflict, startup: false, activationEvent: 'onStartupFinished'
[2022-10-12 04:59:55.148] [exthost] [info] Eager extensions activated
[2022-10-12 04:59:55.584] [exthost] [info] ExtensionService#_doActivateExtension vscode.html-language-features, startup: false, activationEvent: 'onLanguage:html'
[2022-10-12 04:59:55.790] [exthost] [info] ExtensionService#_doActivateExtension vscode.php-language-features, startup: false, activationEvent: 'onLanguage:php'
[2022-10-12 05:10:38.345] [exthost] [info] ExtensionService#_doActivateExtension vscode.css-language-features, startup: false, activationEvent: 'onLanguage:css'
[2022-10-12 05:19:26.348] [exthost] [info] ExtensionService#_doActivateExtension ms-azuretools.vscode-docker, startup: false, activationEvent: 'onLanguage:dockercompose'
[2022-10-12 05:52:00.353] [exthost] [warning] [Decorations] CAPPING events from decorations provider vscode.git 5909
[2022-10-12 05:52:02.270] [exthost] [warning] [Decorations] CAPPING events from decorations provider vscode.git 5909
[2022-10-12 05:52:04.631] [exthost] [warning] [Decorations] CAPPING events from decorations provider vscode.git 5909
[2022-10-12 05:52:21.910] [exthost] [warning] [Decorations] CAPPING events from decorations provider vscode.git 5909
[2022-10-12 05:53:07.709] [exthost] [warning] [Decorations] CAPPING events from decorations provider vscode.git 5909
[2022-10-12 05:53:14.761] [exthost] [warning] [Decorations] CAPPING events from decorations provider vscode.git 5909
[2022-10-12 05:53:21.725] [exthost] [warning] [Decorations] CAPPING events from decorations provider vscode.git 5909
[2022-10-12 05:53:52.096] [exthost] [warning] [Decorations] CAPPING events from decorations provider vscode.git 5909
[2022-10-12 05:53:53.904] [exthost] [warning] [Decorations] CAPPING events from decorations provider vscode.git 5909
[2022-10-12 05:54:00.774] [exthost] [warning] [Decorations] CAPPING events from decorations provider vscode.git 5909
[2022-10-12 05:54:07.990] [exthost] [warning] [Decorations] CAPPING events from decorations provider vscode.git 5909
[2022-10-12 05:54:14.891] [exthost] [warning] [Decorations] CAPPING events from decorations provider vscode.git 5909
[2022-10-12 05:54:21.566] [exthost] [warning] [Decorations] CAPPING events from decorations provider vscode.git 5909
[2022-10-12 05:54:31.158] [exthost] [warning] [Decorations] CAPPING events from decorations provider vscode.git 5909
[2022-10-12 05:54:43.717] [exthost] [warning] [Decorations] CAPPING events from decorations provider vscode.git 5909
[2022-10-12 05:54:50.325] [exthost] [warning] [Decorations] CAPPING events from decorations provider vscode.git 5909
[2022-10-12 05:54:57.315] [exthost] [warning] [Decorations] CAPPING events from decorations provider vscode.git 5909
[2022-10-12 05:55:05.818] [exthost] [warning] [Decorations] CAPPING events from decorations provider vscode.git 5909
[2022-10-12 05:55:07.763] [exthost] [warning] [Decorations] CAPPING events from decorations provider vscode.git 5909
[2022-10-12 05:55:14.093] [exthost] [warning] [Decorations] CAPPING events from decorations provider vscode.git 5909
[2022-10-12 05:55:20.746] [exthost] [warning] [Decorations] CAPPING events from decorations provider vscode.git 5909
[2022-10-12 05:55:27.289] [exthost] [warning] [Decorations] CAPPING events from decorations provider vscode.git 5909
[2022-10-12 05:55:34.019] [exthost] [warning] [Decorations] CAPPING events from decorations provider vscode.git 5909
[2022-10-12 05:55:41.072] [exthost] [warning] [Decorations] CAPPING events from decorations provider vscode.git 5909
[2022-10-12 05:55:48.034] [exthost] [warning] [Decorations] CAPPING events from decorations provider vscode.git 5909
[2022-10-12 05:55:54.496] [exthost] [warning] [Decorations] CAPPING events from decorations provider vscode.git 5909
[2022-10-12 05:56:01.265] [exthost] [warning] [Decorations] CAPPING events from decorations provider vscode.git 5909
[2022-10-12 05:56:08.185] [exthost] [warning] [Decorations] CAPPING events from decorations provider vscode.git 5909
[2022-10-12 05:56:15.135] [exthost] [warning] [Decorations] CAPPING events from decorations provider vscode.git 5909
[2022-10-12 05:56:21.912] [exthost] [warning] [Decorations] CAPPING events from decorations provider vscode.git 5909
[2022-10-12 05:56:36.202] [exthost] [warning] [Decorations] CAPPING events from decorations provider vscode.git 5909
[2022-10-12 05:56:43.158] [exthost] [warning] [Decorations] CAPPING events from decorations provider vscode.git 5909
[2022-10-12 05:56:50.070] [exthost] [warning] [Decorations] CAPPING events from decorations provider vscode.git 5909
[2022-10-12 05:56:57.111] [exthost] [warning] [Decorations] CAPPING events from decorations provider vscode.git 5909
[2022-10-12 05:57:03.726] [exthost] [warning] [Decorations] CAPPING events from decorations provider vscode.git 5910
[2022-10-12 05:57:10.247] [exthost] [warning] [Decorations] CAPPING events from decorations provider vscode.git 5910
