*
* Visual Studio Code Server
*
* By using the software, you agree to
* the Visual Studio Code Server License Terms (https://aka.ms/vscode-server-license) and
* the Microsoft Privacy Statement (https://privacy.microsoft.com/en-US/privacystatement).
*
Server bound to 127.0.0.1:43553 (IPv4)
Extension host agent listening on 43553

[01:47:00] Extension host agent started.
[01:47:01] [127.0.0.1][78b4eba7][ManagementConnection] New connection established.
[01:47:01] [127.0.0.1][ee2ac806][ExtensionHostConnection] New connection established.
[01:47:01] [127.0.0.1][ee2ac806][ExtensionHostConnection] <500229> Launched Extension Host Process.
[IPC Library: Pty Host]  WARN Shell integration cannot be enabled for executable "/bin/sh" and args [
  '-c',
  'wget --version > /dev/null\n' +
    'if [ $? -eq 0 ]\n' +
    'then\n' +
    "\twget --connect-timeout=7 --tries=1 --dns-timeout=7 -q --header='Metadata:true' -O - http://169.254.169.254/metadata/instance?api-version=2019-03-11\n" +
    'else\n' +
    '\tcurl --version > /dev/null\n' +
    '\tif [ $? -eq 0 ]\n' +
    '\tthen\n' +
    "\t\tcurl --connect-timeout 7 -s --header='Metadata:true' http://169.254.169.254/metadata/instance?api-version=2019-03-11\n" +
    '\tfi\n' +
    'fi\n' +
    'exit 0'
]
[IPC Library: Pty Host]  WARN Shell integration cannot be enabled for executable "/bin/sh" and args [
  '-c',
  'wget --version > /dev/null\n' +
    'if [ $? -eq 0 ]\n' +
    'then\n' +
    '\twget --connect-timeout=7 --tries=1 --dns-timeout=7 -q  -O - http://169.254.169.254/latest/meta-data/instance-id\n' +
    'else\n' +
    '\tcurl --version > /dev/null\n' +
    '\tif [ $? -eq 0 ]\n' +
    '\tthen\n' +
    '\t\tcurl --connect-timeout 7 -s  http://169.254.169.254/latest/meta-data/instance-id\n' +
    '\tfi\n' +
    'fi\n' +
    'exit 0'
]
[IPC Library: Pty Host]  WARN Shell integration cannot be enabled for executable "/bin/sh" and args [
  '-c',
  'wget --version > /dev/null\n' +
    'if [ $? -eq 0 ]\n' +
    'then\n' +
    '\twget --connect-timeout=7 --tries=1 --dns-timeout=7 -q  -O - http://169.254.169.254/metadata/v1/id\n' +
    'else\n' +
    '\tcurl --version > /dev/null\n' +
    '\tif [ $? -eq 0 ]\n' +
    '\tthen\n' +
    '\t\tcurl --connect-timeout 7 -s  http://169.254.169.254/metadata/v1/id\n' +
    '\tfi\n' +
    'fi\n' +
    'exit 0'
]
[IPC Library: Pty Host]  WARN Shell integration cannot be enabled for executable "/bin/sh" and args [
  '-c',
  'wget --version > /dev/null\n' +
    'if [ $? -eq 0 ]\n' +
    'then\n' +
    "\twget --connect-timeout=7 --tries=1 --dns-timeout=7 -q --header='Metadata-Flavor:Google' -O - http://metadata.google.internal/computeMetadata/v1/instance/id\n" +
    'else\n' +
    '\tcurl --version > /dev/null\n' +
    '\tif [ $? -eq 0 ]\n' +
    '\tthen\n' +
    "\t\tcurl --connect-timeout 7 -s --header='Metadata-Flavor:Google' http://metadata.google.internal/computeMetadata/v1/instance/id\n" +
    '\tfi\n' +
    'fi\n' +
    'exit 0'
]
rejected promise not handled within 1 second: CodeExpectedError: Could not find pty on pty host
stack trace: CodeExpectedError: Could not find pty on pty host,    at a._throwIfNoPty (/home/aleksie/.vscode-server/bin/64bbfbf67ada9953918d72e1df2f4d8e537d340e/out/vs/platform/terminal/node/ptyHostMain.js:27:7252),    at a.updateIcon (/home/aleksie/.vscode-server/bin/64bbfbf67ada9953918d72e1df2f4d8e537d340e/out/vs/platform/terminal/node/ptyHostMain.js:27:3046),    at Object.call (/home/aleksie/.vscode-server/bin/64bbfbf67ada9953918d72e1df2f4d8e537d340e/out/vs/platform/terminal/node/ptyHostMain.js:16:8386),    at c.onPromise (/home/aleksie/.vscode-server/bin/64bbfbf67ada9953918d72e1df2f4d8e537d340e/out/vs/platform/terminal/node/ptyHostMain.js:15:5833),    at c.onRawMessage (/home/aleksie/.vscode-server/bin/64bbfbf67ada9953918d72e1df2f4d8e537d340e/out/vs/platform/terminal/node/ptyHostMain.js:15:5216),    at /home/aleksie/.vscode-server/bin/64bbfbf67ada9953918d72e1df2f4d8e537d340e/out/vs/platform/terminal/node/ptyHostMain.js:15:4502,    at m.invoke (/home/aleksie/.vscode-server/bin/64bbfbf67ada9953918d72e1df2f4d8e537d340e/out/vs/platform/terminal/node/ptyHostMain.js:11:145),    at D.deliver (/home/aleksie/.vscode-server/bin/64bbfbf67ada9953918d72e1df2f4d8e537d340e/out/vs/platform/terminal/node/ptyHostMain.js:11:2275),    at O.fire (/home/aleksie/.vscode-server/bin/64bbfbf67ada9953918d72e1df2f4d8e537d340e/out/vs/platform/terminal/node/ptyHostMain.js:11:1853),    at process.X (/home/aleksie/.vscode-server/bin/64bbfbf67ada9953918d72e1df2f4d8e537d340e/out/vs/platform/terminal/node/ptyHostMain.js:9:20837),    at process.emit (node:events:526:28),    at emit (node:internal/child_process:938:14),    at processTicksAndRejections (node:internal/process/task_queues:84:21)
[01:47:06] [Error [CodeExpectedError]: Could not find pty on pty host,    at a._throwIfNoPty (/home/aleksie/.vscode-server/bin/64bbfbf67ada9953918d72e1df2f4d8e537d340e/out/vs/platform/terminal/node/ptyHostMain.js:27:7252),    at a.updateIcon (/home/aleksie/.vscode-server/bin/64bbfbf67ada9953918d72e1df2f4d8e537d340e/out/vs/platform/terminal/node/ptyHostMain.js:27:3046),    at Object.call (/home/aleksie/.vscode-server/bin/64bbfbf67ada9953918d72e1df2f4d8e537d340e/out/vs/platform/terminal/node/ptyHostMain.js:16:8386),    at c.onPromise (/home/aleksie/.vscode-server/bin/64bbfbf67ada9953918d72e1df2f4d8e537d340e/out/vs/platform/terminal/node/ptyHostMain.js:15:5833),    at c.onRawMessage (/home/aleksie/.vscode-server/bin/64bbfbf67ada9953918d72e1df2f4d8e537d340e/out/vs/platform/terminal/node/ptyHostMain.js:15:5216),    at /home/aleksie/.vscode-server/bin/64bbfbf67ada9953918d72e1df2f4d8e537d340e/out/vs/platform/terminal/node/ptyHostMain.js:15:4502,    at m.invoke (/home/aleksie/.vscode-server/bin/64bbfbf67ada9953918d72e1df2f4d8e537d340e/out/vs/platform/terminal/node/ptyHostMain.js:11:145),    at D.deliver (/home/aleksie/.vscode-server/bin/64bbfbf67ada9953918d72e1df2f4d8e537d340e/out/vs/platform/terminal/node/ptyHostMain.js:11:2275),    at O.fire (/home/aleksie/.vscode-server/bin/64bbfbf67ada9953918d72e1df2f4d8e537d340e/out/vs/platform/terminal/node/ptyHostMain.js:11:1853),    at process.X (/home/aleksie/.vscode-server/bin/64bbfbf67ada9953918d72e1df2f4d8e537d340e/out/vs/platform/terminal/node/ptyHostMain.js:9:20837),    at process.emit (node:events:526:28),    at emit (node:internal/child_process:938:14),    at processTicksAndRejections (node:internal/process/task_queues:84:21)]
rejected promise not handled within 1 second: CodeExpectedError: Could not find pty on pty host
stack trace: CodeExpectedError: Could not find pty on pty host,    at a._throwIfNoPty (/home/aleksie/.vscode-server/bin/64bbfbf67ada9953918d72e1df2f4d8e537d340e/out/vs/platform/terminal/node/ptyHostMain.js:27:7252),    at a.updateTitle (/home/aleksie/.vscode-server/bin/64bbfbf67ada9953918d72e1df2f4d8e537d340e/out/vs/platform/terminal/node/ptyHostMain.js:27:2984),    at Object.call (/home/aleksie/.vscode-server/bin/64bbfbf67ada9953918d72e1df2f4d8e537d340e/out/vs/platform/terminal/node/ptyHostMain.js:16:8386),    at c.onPromise (/home/aleksie/.vscode-server/bin/64bbfbf67ada9953918d72e1df2f4d8e537d340e/out/vs/platform/terminal/node/ptyHostMain.js:15:5833),    at c.onRawMessage (/home/aleksie/.vscode-server/bin/64bbfbf67ada9953918d72e1df2f4d8e537d340e/out/vs/platform/terminal/node/ptyHostMain.js:15:5216),    at /home/aleksie/.vscode-server/bin/64bbfbf67ada9953918d72e1df2f4d8e537d340e/out/vs/platform/terminal/node/ptyHostMain.js:15:4502,    at m.invoke (/home/aleksie/.vscode-server/bin/64bbfbf67ada9953918d72e1df2f4d8e537d340e/out/vs/platform/terminal/node/ptyHostMain.js:11:145),    at D.deliver (/home/aleksie/.vscode-server/bin/64bbfbf67ada9953918d72e1df2f4d8e537d340e/out/vs/platform/terminal/node/ptyHostMain.js:11:2275),    at O.fire (/home/aleksie/.vscode-server/bin/64bbfbf67ada9953918d72e1df2f4d8e537d340e/out/vs/platform/terminal/node/ptyHostMain.js:11:1853),    at process.X (/home/aleksie/.vscode-server/bin/64bbfbf67ada9953918d72e1df2f4d8e537d340e/out/vs/platform/terminal/node/ptyHostMain.js:9:20837),    at process.emit (node:events:526:28),    at emit (node:internal/child_process:938:14),    at processTicksAndRejections (node:internal/process/task_queues:84:21)
[01:47:07] [Error [CodeExpectedError]: Could not find pty on pty host,    at a._throwIfNoPty (/home/aleksie/.vscode-server/bin/64bbfbf67ada9953918d72e1df2f4d8e537d340e/out/vs/platform/terminal/node/ptyHostMain.js:27:7252),    at a.updateTitle (/home/aleksie/.vscode-server/bin/64bbfbf67ada9953918d72e1df2f4d8e537d340e/out/vs/platform/terminal/node/ptyHostMain.js:27:2984),    at Object.call (/home/aleksie/.vscode-server/bin/64bbfbf67ada9953918d72e1df2f4d8e537d340e/out/vs/platform/terminal/node/ptyHostMain.js:16:8386),    at c.onPromise (/home/aleksie/.vscode-server/bin/64bbfbf67ada9953918d72e1df2f4d8e537d340e/out/vs/platform/terminal/node/ptyHostMain.js:15:5833),    at c.onRawMessage (/home/aleksie/.vscode-server/bin/64bbfbf67ada9953918d72e1df2f4d8e537d340e/out/vs/platform/terminal/node/ptyHostMain.js:15:5216),    at /home/aleksie/.vscode-server/bin/64bbfbf67ada9953918d72e1df2f4d8e537d340e/out/vs/platform/terminal/node/ptyHostMain.js:15:4502,    at m.invoke (/home/aleksie/.vscode-server/bin/64bbfbf67ada9953918d72e1df2f4d8e537d340e/out/vs/platform/terminal/node/ptyHostMain.js:11:145),    at D.deliver (/home/aleksie/.vscode-server/bin/64bbfbf67ada9953918d72e1df2f4d8e537d340e/out/vs/platform/terminal/node/ptyHostMain.js:11:2275),    at O.fire (/home/aleksie/.vscode-server/bin/64bbfbf67ada9953918d72e1df2f4d8e537d340e/out/vs/platform/terminal/node/ptyHostMain.js:11:1853),    at process.X (/home/aleksie/.vscode-server/bin/64bbfbf67ada9953918d72e1df2f4d8e537d340e/out/vs/platform/terminal/node/ptyHostMain.js:9:20837),    at process.emit (node:events:526:28),    at emit (node:internal/child_process:938:14),    at processTicksAndRejections (node:internal/process/task_queues:84:21)]
[01:47:08] [127.0.0.1][78b4eba7][ManagementConnection] The client has disconnected gracefully, so the connection will be disposed.
[01:47:08] [127.0.0.1][ee2ac806][ExtensionHostConnection] <500229> Extension Host Process exited with code: 0, signal: null.
Last EH closed, waiting before shutting down
[01:47:08] Last EH closed, waiting before shutting down
Got delay-shutdown request while in shutdown timeout, delaying
[01:47:19] Got delay-shutdown request while in shutdown timeout, delaying
Cancelling previous shutdown timeout
[01:47:19] Cancelling previous shutdown timeout
[01:47:20] [127.0.0.1][e4f09baf][ManagementConnection] New connection established.
[01:47:20] [127.0.0.1][d3170b66][ExtensionHostConnection] New connection established.
[01:47:20] [127.0.0.1][d3170b66][ExtensionHostConnection] <500427> Launched Extension Host Process.
[IPC Library: Pty Host]  WARN Shell integration cannot be enabled for executable "/bin/sh" and args [
  '-c',
  'wget --version > /dev/null\n' +
    'if [ $? -eq 0 ]\n' +
    'then\n' +
    "\twget --connect-timeout=7 --tries=1 --dns-timeout=7 -q --header='Metadata:true' -O - http://169.254.169.254/metadata/instance?api-version=2019-03-11\n" +
    'else\n' +
    '\tcurl --version > /dev/null\n' +
    '\tif [ $? -eq 0 ]\n' +
    '\tthen\n' +
    "\t\tcurl --connect-timeout 7 -s --header='Metadata:true' http://169.254.169.254/metadata/instance?api-version=2019-03-11\n" +
    '\tfi\n' +
    'fi\n' +
    'exit 0'
]
[IPC Library: Pty Host]  WARN Shell integration cannot be enabled for executable "/bin/sh" and args [
  '-c',
  'wget --version > /dev/null\n' +
    'if [ $? -eq 0 ]\n' +
    'then\n' +
    '\twget --connect-timeout=7 --tries=1 --dns-timeout=7 -q  -O - http://169.254.169.254/latest/meta-data/instance-id\n' +
    'else\n' +
    '\tcurl --version > /dev/null\n' +
    '\tif [ $? -eq 0 ]\n' +
    '\tthen\n' +
    '\t\tcurl --connect-timeout 7 -s  http://169.254.169.254/latest/meta-data/instance-id\n' +
    '\tfi\n' +
    'fi\n' +
    'exit 0'
]
[IPC Library: Pty Host]  WARN Shell integration cannot be enabled for executable "/bin/sh" and args [
  '-c',
  'wget --version > /dev/null\n' +
    'if [ $? -eq 0 ]\n' +
    'then\n' +
    '\twget --connect-timeout=7 --tries=1 --dns-timeout=7 -q  -O - http://169.254.169.254/metadata/v1/id\n' +
    'else\n' +
    '\tcurl --version > /dev/null\n' +
    '\tif [ $? -eq 0 ]\n' +
    '\tthen\n' +
    '\t\tcurl --connect-timeout 7 -s  http://169.254.169.254/metadata/v1/id\n' +
    '\tfi\n' +
    'fi\n' +
    'exit 0'
]
[IPC Library: Pty Host]  WARN Shell integration cannot be enabled for executable "/bin/sh" and args [
  '-c',
  'wget --version > /dev/null\n' +
    'if [ $? -eq 0 ]\n' +
    'then\n' +
    "\twget --connect-timeout=7 --tries=1 --dns-timeout=7 -q --header='Metadata-Flavor:Google' -O - http://metadata.google.internal/computeMetadata/v1/instance/id\n" +
    'else\n' +
    '\tcurl --version > /dev/null\n' +
    '\tif [ $? -eq 0 ]\n' +
    '\tthen\n' +
    "\t\tcurl --connect-timeout 7 -s --header='Metadata-Flavor:Google' http://metadata.google.internal/computeMetadata/v1/instance/id\n" +
    '\tfi\n' +
    'fi\n' +
    'exit 0'
]
New EH opened, aborting shutdown
[01:52:19] New EH opened, aborting shutdown
[02:07:11] [127.0.0.1][e4f09baf][ManagementConnection] The client has reconnected.
rejected promise not handled within 1 second: CodeExpectedError: Could not find pty on pty host
stack trace: CodeExpectedError: Could not find pty on pty host,    at a._throwIfNoPty (/home/aleksie/.vscode-server/bin/64bbfbf67ada9953918d72e1df2f4d8e537d340e/out/vs/platform/terminal/node/ptyHostMain.js:27:7252),    at a.updateIcon (/home/aleksie/.vscode-server/bin/64bbfbf67ada9953918d72e1df2f4d8e537d340e/out/vs/platform/terminal/node/ptyHostMain.js:27:3046),    at Object.call (/home/aleksie/.vscode-server/bin/64bbfbf67ada9953918d72e1df2f4d8e537d340e/out/vs/platform/terminal/node/ptyHostMain.js:16:8386),    at c.onPromise (/home/aleksie/.vscode-server/bin/64bbfbf67ada9953918d72e1df2f4d8e537d340e/out/vs/platform/terminal/node/ptyHostMain.js:15:5833),    at c.onRawMessage (/home/aleksie/.vscode-server/bin/64bbfbf67ada9953918d72e1df2f4d8e537d340e/out/vs/platform/terminal/node/ptyHostMain.js:15:5216),    at /home/aleksie/.vscode-server/bin/64bbfbf67ada9953918d72e1df2f4d8e537d340e/out/vs/platform/terminal/node/ptyHostMain.js:15:4502,    at m.invoke (/home/aleksie/.vscode-server/bin/64bbfbf67ada9953918d72e1df2f4d8e537d340e/out/vs/platform/terminal/node/ptyHostMain.js:11:145),    at D.deliver (/home/aleksie/.vscode-server/bin/64bbfbf67ada9953918d72e1df2f4d8e537d340e/out/vs/platform/terminal/node/ptyHostMain.js:11:2275),    at O.fire (/home/aleksie/.vscode-server/bin/64bbfbf67ada9953918d72e1df2f4d8e537d340e/out/vs/platform/terminal/node/ptyHostMain.js:11:1853),    at process.X (/home/aleksie/.vscode-server/bin/64bbfbf67ada9953918d72e1df2f4d8e537d340e/out/vs/platform/terminal/node/ptyHostMain.js:9:20837),    at process.emit (node:events:526:28),    at emit (node:internal/child_process:938:14),    at processTicksAndRejections (node:internal/process/task_queues:84:21)
[02:07:12] [Error [CodeExpectedError]: Could not find pty on pty host,    at a._throwIfNoPty (/home/aleksie/.vscode-server/bin/64bbfbf67ada9953918d72e1df2f4d8e537d340e/out/vs/platform/terminal/node/ptyHostMain.js:27:7252),    at a.updateIcon (/home/aleksie/.vscode-server/bin/64bbfbf67ada9953918d72e1df2f4d8e537d340e/out/vs/platform/terminal/node/ptyHostMain.js:27:3046),    at Object.call (/home/aleksie/.vscode-server/bin/64bbfbf67ada9953918d72e1df2f4d8e537d340e/out/vs/platform/terminal/node/ptyHostMain.js:16:8386),    at c.onPromise (/home/aleksie/.vscode-server/bin/64bbfbf67ada9953918d72e1df2f4d8e537d340e/out/vs/platform/terminal/node/ptyHostMain.js:15:5833),    at c.onRawMessage (/home/aleksie/.vscode-server/bin/64bbfbf67ada9953918d72e1df2f4d8e537d340e/out/vs/platform/terminal/node/ptyHostMain.js:15:5216),    at /home/aleksie/.vscode-server/bin/64bbfbf67ada9953918d72e1df2f4d8e537d340e/out/vs/platform/terminal/node/ptyHostMain.js:15:4502,    at m.invoke (/home/aleksie/.vscode-server/bin/64bbfbf67ada9953918d72e1df2f4d8e537d340e/out/vs/platform/terminal/node/ptyHostMain.js:11:145),    at D.deliver (/home/aleksie/.vscode-server/bin/64bbfbf67ada9953918d72e1df2f4d8e537d340e/out/vs/platform/terminal/node/ptyHostMain.js:11:2275),    at O.fire (/home/aleksie/.vscode-server/bin/64bbfbf67ada9953918d72e1df2f4d8e537d340e/out/vs/platform/terminal/node/ptyHostMain.js:11:1853),    at process.X (/home/aleksie/.vscode-server/bin/64bbfbf67ada9953918d72e1df2f4d8e537d340e/out/vs/platform/terminal/node/ptyHostMain.js:9:20837),    at process.emit (node:events:526:28),    at emit (node:internal/child_process:938:14),    at processTicksAndRejections (node:internal/process/task_queues:84:21)]
rejected promise not handled within 1 second: CodeExpectedError: Could not find pty on pty host
stack trace: CodeExpectedError: Could not find pty on pty host,    at a._throwIfNoPty (/home/aleksie/.vscode-server/bin/64bbfbf67ada9953918d72e1df2f4d8e537d340e/out/vs/platform/terminal/node/ptyHostMain.js:27:7252),    at a.updateTitle (/home/aleksie/.vscode-server/bin/64bbfbf67ada9953918d72e1df2f4d8e537d340e/out/vs/platform/terminal/node/ptyHostMain.js:27:2984),    at Object.call (/home/aleksie/.vscode-server/bin/64bbfbf67ada9953918d72e1df2f4d8e537d340e/out/vs/platform/terminal/node/ptyHostMain.js:16:8386),    at c.onPromise (/home/aleksie/.vscode-server/bin/64bbfbf67ada9953918d72e1df2f4d8e537d340e/out/vs/platform/terminal/node/ptyHostMain.js:15:5833),    at c.onRawMessage (/home/aleksie/.vscode-server/bin/64bbfbf67ada9953918d72e1df2f4d8e537d340e/out/vs/platform/terminal/node/ptyHostMain.js:15:5216),    at /home/aleksie/.vscode-server/bin/64bbfbf67ada9953918d72e1df2f4d8e537d340e/out/vs/platform/terminal/node/ptyHostMain.js:15:4502,    at m.invoke (/home/aleksie/.vscode-server/bin/64bbfbf67ada9953918d72e1df2f4d8e537d340e/out/vs/platform/terminal/node/ptyHostMain.js:11:145),    at D.deliver (/home/aleksie/.vscode-server/bin/64bbfbf67ada9953918d72e1df2f4d8e537d340e/out/vs/platform/terminal/node/ptyHostMain.js:11:2275),    at O.fire (/home/aleksie/.vscode-server/bin/64bbfbf67ada9953918d72e1df2f4d8e537d340e/out/vs/platform/terminal/node/ptyHostMain.js:11:1853),    at process.X (/home/aleksie/.vscode-server/bin/64bbfbf67ada9953918d72e1df2f4d8e537d340e/out/vs/platform/terminal/node/ptyHostMain.js:9:20837),    at process.emit (node:events:526:28),    at emit (node:internal/child_process:938:14),    at processTicksAndRejections (node:internal/process/task_queues:84:21)
[02:07:12] [Error [CodeExpectedError]: Could not find pty on pty host,    at a._throwIfNoPty (/home/aleksie/.vscode-server/bin/64bbfbf67ada9953918d72e1df2f4d8e537d340e/out/vs/platform/terminal/node/ptyHostMain.js:27:7252),    at a.updateTitle (/home/aleksie/.vscode-server/bin/64bbfbf67ada9953918d72e1df2f4d8e537d340e/out/vs/platform/terminal/node/ptyHostMain.js:27:2984),    at Object.call (/home/aleksie/.vscode-server/bin/64bbfbf67ada9953918d72e1df2f4d8e537d340e/out/vs/platform/terminal/node/ptyHostMain.js:16:8386),    at c.onPromise (/home/aleksie/.vscode-server/bin/64bbfbf67ada9953918d72e1df2f4d8e537d340e/out/vs/platform/terminal/node/ptyHostMain.js:15:5833),    at c.onRawMessage (/home/aleksie/.vscode-server/bin/64bbfbf67ada9953918d72e1df2f4d8e537d340e/out/vs/platform/terminal/node/ptyHostMain.js:15:5216),    at /home/aleksie/.vscode-server/bin/64bbfbf67ada9953918d72e1df2f4d8e537d340e/out/vs/platform/terminal/node/ptyHostMain.js:15:4502,    at m.invoke (/home/aleksie/.vscode-server/bin/64bbfbf67ada9953918d72e1df2f4d8e537d340e/out/vs/platform/terminal/node/ptyHostMain.js:11:145),    at D.deliver (/home/aleksie/.vscode-server/bin/64bbfbf67ada9953918d72e1df2f4d8e537d340e/out/vs/platform/terminal/node/ptyHostMain.js:11:2275),    at O.fire (/home/aleksie/.vscode-server/bin/64bbfbf67ada9953918d72e1df2f4d8e537d340e/out/vs/platform/terminal/node/ptyHostMain.js:11:1853),    at process.X (/home/aleksie/.vscode-server/bin/64bbfbf67ada9953918d72e1df2f4d8e537d340e/out/vs/platform/terminal/node/ptyHostMain.js:9:20837),    at process.emit (node:events:526:28),    at emit (node:internal/child_process:938:14),    at processTicksAndRejections (node:internal/process/task_queues:84:21)]
rejected promise not handled within 1 second: CodeExpectedError: Could not find pty on pty host
stack trace: CodeExpectedError: Could not find pty on pty host,    at a._throwIfNoPty (/home/aleksie/.vscode-server/bin/64bbfbf67ada9953918d72e1df2f4d8e537d340e/out/vs/platform/terminal/node/ptyHostMain.js:27:7252),    at a.updateTitle (/home/aleksie/.vscode-server/bin/64bbfbf67ada9953918d72e1df2f4d8e537d340e/out/vs/platform/terminal/node/ptyHostMain.js:27:2984),    at Object.call (/home/aleksie/.vscode-server/bin/64bbfbf67ada9953918d72e1df2f4d8e537d340e/out/vs/platform/terminal/node/ptyHostMain.js:16:8386),    at c.onPromise (/home/aleksie/.vscode-server/bin/64bbfbf67ada9953918d72e1df2f4d8e537d340e/out/vs/platform/terminal/node/ptyHostMain.js:15:5833),    at c.onRawMessage (/home/aleksie/.vscode-server/bin/64bbfbf67ada9953918d72e1df2f4d8e537d340e/out/vs/platform/terminal/node/ptyHostMain.js:15:5216),    at /home/aleksie/.vscode-server/bin/64bbfbf67ada9953918d72e1df2f4d8e537d340e/out/vs/platform/terminal/node/ptyHostMain.js:15:4502,    at m.invoke (/home/aleksie/.vscode-server/bin/64bbfbf67ada9953918d72e1df2f4d8e537d340e/out/vs/platform/terminal/node/ptyHostMain.js:11:145),    at D.deliver (/home/aleksie/.vscode-server/bin/64bbfbf67ada9953918d72e1df2f4d8e537d340e/out/vs/platform/terminal/node/ptyHostMain.js:11:2275),    at O.fire (/home/aleksie/.vscode-server/bin/64bbfbf67ada9953918d72e1df2f4d8e537d340e/out/vs/platform/terminal/node/ptyHostMain.js:11:1853),    at process.X (/home/aleksie/.vscode-server/bin/64bbfbf67ada9953918d72e1df2f4d8e537d340e/out/vs/platform/terminal/node/ptyHostMain.js:9:20837),    at process.emit (node:events:526:28),    at emit (node:internal/child_process:938:14),    at processTicksAndRejections (node:internal/process/task_queues:84:21)
[02:07:12] [Error [CodeExpectedError]: Could not find pty on pty host,    at a._throwIfNoPty (/home/aleksie/.vscode-server/bin/64bbfbf67ada9953918d72e1df2f4d8e537d340e/out/vs/platform/terminal/node/ptyHostMain.js:27:7252),    at a.updateTitle (/home/aleksie/.vscode-server/bin/64bbfbf67ada9953918d72e1df2f4d8e537d340e/out/vs/platform/terminal/node/ptyHostMain.js:27:2984),    at Object.call (/home/aleksie/.vscode-server/bin/64bbfbf67ada9953918d72e1df2f4d8e537d340e/out/vs/platform/terminal/node/ptyHostMain.js:16:8386),    at c.onPromise (/home/aleksie/.vscode-server/bin/64bbfbf67ada9953918d72e1df2f4d8e537d340e/out/vs/platform/terminal/node/ptyHostMain.js:15:5833),    at c.onRawMessage (/home/aleksie/.vscode-server/bin/64bbfbf67ada9953918d72e1df2f4d8e537d340e/out/vs/platform/terminal/node/ptyHostMain.js:15:5216),    at /home/aleksie/.vscode-server/bin/64bbfbf67ada9953918d72e1df2f4d8e537d340e/out/vs/platform/terminal/node/ptyHostMain.js:15:4502,    at m.invoke (/home/aleksie/.vscode-server/bin/64bbfbf67ada9953918d72e1df2f4d8e537d340e/out/vs/platform/terminal/node/ptyHostMain.js:11:145),    at D.deliver (/home/aleksie/.vscode-server/bin/64bbfbf67ada9953918d72e1df2f4d8e537d340e/out/vs/platform/terminal/node/ptyHostMain.js:11:2275),    at O.fire (/home/aleksie/.vscode-server/bin/64bbfbf67ada9953918d72e1df2f4d8e537d340e/out/vs/platform/terminal/node/ptyHostMain.js:11:1853),    at process.X (/home/aleksie/.vscode-server/bin/64bbfbf67ada9953918d72e1df2f4d8e537d340e/out/vs/platform/terminal/node/ptyHostMain.js:9:20837),    at process.emit (node:events:526:28),    at emit (node:internal/child_process:938:14),    at processTicksAndRejections (node:internal/process/task_queues:84:21)]
rejected promise not handled within 1 second: CodeExpectedError: Could not find pty on pty host
stack trace: CodeExpectedError: Could not find pty on pty host,    at a._throwIfNoPty (/home/aleksie/.vscode-server/bin/64bbfbf67ada9953918d72e1df2f4d8e537d340e/out/vs/platform/terminal/node/ptyHostMain.js:27:7252),    at a.updateTitle (/home/aleksie/.vscode-server/bin/64bbfbf67ada9953918d72e1df2f4d8e537d340e/out/vs/platform/terminal/node/ptyHostMain.js:27:2984),    at Object.call (/home/aleksie/.vscode-server/bin/64bbfbf67ada9953918d72e1df2f4d8e537d340e/out/vs/platform/terminal/node/ptyHostMain.js:16:8386),    at c.onPromise (/home/aleksie/.vscode-server/bin/64bbfbf67ada9953918d72e1df2f4d8e537d340e/out/vs/platform/terminal/node/ptyHostMain.js:15:5833),    at c.onRawMessage (/home/aleksie/.vscode-server/bin/64bbfbf67ada9953918d72e1df2f4d8e537d340e/out/vs/platform/terminal/node/ptyHostMain.js:15:5216),    at /home/aleksie/.vscode-server/bin/64bbfbf67ada9953918d72e1df2f4d8e537d340e/out/vs/platform/terminal/node/ptyHostMain.js:15:4502,    at m.invoke (/home/aleksie/.vscode-server/bin/64bbfbf67ada9953918d72e1df2f4d8e537d340e/out/vs/platform/terminal/node/ptyHostMain.js:11:145),    at D.deliver (/home/aleksie/.vscode-server/bin/64bbfbf67ada9953918d72e1df2f4d8e537d340e/out/vs/platform/terminal/node/ptyHostMain.js:11:2275),    at O.fire (/home/aleksie/.vscode-server/bin/64bbfbf67ada9953918d72e1df2f4d8e537d340e/out/vs/platform/terminal/node/ptyHostMain.js:11:1853),    at process.X (/home/aleksie/.vscode-server/bin/64bbfbf67ada9953918d72e1df2f4d8e537d340e/out/vs/platform/terminal/node/ptyHostMain.js:9:20837),    at process.emit (node:events:526:28),    at emit (node:internal/child_process:938:14),    at processTicksAndRejections (node:internal/process/task_queues:84:21)
[02:07:13] [Error [CodeExpectedError]: Could not find pty on pty host,    at a._throwIfNoPty (/home/aleksie/.vscode-server/bin/64bbfbf67ada9953918d72e1df2f4d8e537d340e/out/vs/platform/terminal/node/ptyHostMain.js:27:7252),    at a.updateTitle (/home/aleksie/.vscode-server/bin/64bbfbf67ada9953918d72e1df2f4d8e537d340e/out/vs/platform/terminal/node/ptyHostMain.js:27:2984),    at Object.call (/home/aleksie/.vscode-server/bin/64bbfbf67ada9953918d72e1df2f4d8e537d340e/out/vs/platform/terminal/node/ptyHostMain.js:16:8386),    at c.onPromise (/home/aleksie/.vscode-server/bin/64bbfbf67ada9953918d72e1df2f4d8e537d340e/out/vs/platform/terminal/node/ptyHostMain.js:15:5833),    at c.onRawMessage (/home/aleksie/.vscode-server/bin/64bbfbf67ada9953918d72e1df2f4d8e537d340e/out/vs/platform/terminal/node/ptyHostMain.js:15:5216),    at /home/aleksie/.vscode-server/bin/64bbfbf67ada9953918d72e1df2f4d8e537d340e/out/vs/platform/terminal/node/ptyHostMain.js:15:4502,    at m.invoke (/home/aleksie/.vscode-server/bin/64bbfbf67ada9953918d72e1df2f4d8e537d340e/out/vs/platform/terminal/node/ptyHostMain.js:11:145),    at D.deliver (/home/aleksie/.vscode-server/bin/64bbfbf67ada9953918d72e1df2f4d8e537d340e/out/vs/platform/terminal/node/ptyHostMain.js:11:2275),    at O.fire (/home/aleksie/.vscode-server/bin/64bbfbf67ada9953918d72e1df2f4d8e537d340e/out/vs/platform/terminal/node/ptyHostMain.js:11:1853),    at process.X (/home/aleksie/.vscode-server/bin/64bbfbf67ada9953918d72e1df2f4d8e537d340e/out/vs/platform/terminal/node/ptyHostMain.js:9:20837),    at process.emit (node:events:526:28),    at emit (node:internal/child_process:938:14),    at processTicksAndRejections (node:internal/process/task_queues:84:21)]
[02:07:14] [127.0.0.1][d3170b66][ExtensionHostConnection] The client has reconnected.
[02:10:09] [127.0.0.1][e4f09baf][ManagementConnection] The client has reconnected.
[02:10:09] [127.0.0.1][d3170b66][ExtensionHostConnection] The client has reconnected.
rejected promise not handled within 1 second: CodeExpectedError: Could not find pty on pty host
stack trace: CodeExpectedError: Could not find pty on pty host,    at a._throwIfNoPty (/home/aleksie/.vscode-server/bin/64bbfbf67ada9953918d72e1df2f4d8e537d340e/out/vs/platform/terminal/node/ptyHostMain.js:27:7252),    at a.updateIcon (/home/aleksie/.vscode-server/bin/64bbfbf67ada9953918d72e1df2f4d8e537d340e/out/vs/platform/terminal/node/ptyHostMain.js:27:3046),    at Object.call (/home/aleksie/.vscode-server/bin/64bbfbf67ada9953918d72e1df2f4d8e537d340e/out/vs/platform/terminal/node/ptyHostMain.js:16:8386),    at c.onPromise (/home/aleksie/.vscode-server/bin/64bbfbf67ada9953918d72e1df2f4d8e537d340e/out/vs/platform/terminal/node/ptyHostMain.js:15:5833),    at c.onRawMessage (/home/aleksie/.vscode-server/bin/64bbfbf67ada9953918d72e1df2f4d8e537d340e/out/vs/platform/terminal/node/ptyHostMain.js:15:5216),    at /home/aleksie/.vscode-server/bin/64bbfbf67ada9953918d72e1df2f4d8e537d340e/out/vs/platform/terminal/node/ptyHostMain.js:15:4502,    at m.invoke (/home/aleksie/.vscode-server/bin/64bbfbf67ada9953918d72e1df2f4d8e537d340e/out/vs/platform/terminal/node/ptyHostMain.js:11:145),    at D.deliver (/home/aleksie/.vscode-server/bin/64bbfbf67ada9953918d72e1df2f4d8e537d340e/out/vs/platform/terminal/node/ptyHostMain.js:11:2275),    at O.fire (/home/aleksie/.vscode-server/bin/64bbfbf67ada9953918d72e1df2f4d8e537d340e/out/vs/platform/terminal/node/ptyHostMain.js:11:1853),    at process.X (/home/aleksie/.vscode-server/bin/64bbfbf67ada9953918d72e1df2f4d8e537d340e/out/vs/platform/terminal/node/ptyHostMain.js:9:20837),    at process.emit (node:events:526:28),    at emit (node:internal/child_process:938:14),    at processTicksAndRejections (node:internal/process/task_queues:84:21)
[02:10:10] [Error [CodeExpectedError]: Could not find pty on pty host,    at a._throwIfNoPty (/home/aleksie/.vscode-server/bin/64bbfbf67ada9953918d72e1df2f4d8e537d340e/out/vs/platform/terminal/node/ptyHostMain.js:27:7252),    at a.updateIcon (/home/aleksie/.vscode-server/bin/64bbfbf67ada9953918d72e1df2f4d8e537d340e/out/vs/platform/terminal/node/ptyHostMain.js:27:3046),    at Object.call (/home/aleksie/.vscode-server/bin/64bbfbf67ada9953918d72e1df2f4d8e537d340e/out/vs/platform/terminal/node/ptyHostMain.js:16:8386),    at c.onPromise (/home/aleksie/.vscode-server/bin/64bbfbf67ada9953918d72e1df2f4d8e537d340e/out/vs/platform/terminal/node/ptyHostMain.js:15:5833),    at c.onRawMessage (/home/aleksie/.vscode-server/bin/64bbfbf67ada9953918d72e1df2f4d8e537d340e/out/vs/platform/terminal/node/ptyHostMain.js:15:5216),    at /home/aleksie/.vscode-server/bin/64bbfbf67ada9953918d72e1df2f4d8e537d340e/out/vs/platform/terminal/node/ptyHostMain.js:15:4502,    at m.invoke (/home/aleksie/.vscode-server/bin/64bbfbf67ada9953918d72e1df2f4d8e537d340e/out/vs/platform/terminal/node/ptyHostMain.js:11:145),    at D.deliver (/home/aleksie/.vscode-server/bin/64bbfbf67ada9953918d72e1df2f4d8e537d340e/out/vs/platform/terminal/node/ptyHostMain.js:11:2275),    at O.fire (/home/aleksie/.vscode-server/bin/64bbfbf67ada9953918d72e1df2f4d8e537d340e/out/vs/platform/terminal/node/ptyHostMain.js:11:1853),    at process.X (/home/aleksie/.vscode-server/bin/64bbfbf67ada9953918d72e1df2f4d8e537d340e/out/vs/platform/terminal/node/ptyHostMain.js:9:20837),    at process.emit (node:events:526:28),    at emit (node:internal/child_process:938:14),    at processTicksAndRejections (node:internal/process/task_queues:84:21)]
rejected promise not handled within 1 second: CodeExpectedError: Could not find pty on pty host
stack trace: CodeExpectedError: Could not find pty on pty host,    at a._throwIfNoPty (/home/aleksie/.vscode-server/bin/64bbfbf67ada9953918d72e1df2f4d8e537d340e/out/vs/platform/terminal/node/ptyHostMain.js:27:7252),    at a.updateTitle (/home/aleksie/.vscode-server/bin/64bbfbf67ada9953918d72e1df2f4d8e537d340e/out/vs/platform/terminal/node/ptyHostMain.js:27:2984),    at Object.call (/home/aleksie/.vscode-server/bin/64bbfbf67ada9953918d72e1df2f4d8e537d340e/out/vs/platform/terminal/node/ptyHostMain.js:16:8386),    at c.onPromise (/home/aleksie/.vscode-server/bin/64bbfbf67ada9953918d72e1df2f4d8e537d340e/out/vs/platform/terminal/node/ptyHostMain.js:15:5833),    at c.onRawMessage (/home/aleksie/.vscode-server/bin/64bbfbf67ada9953918d72e1df2f4d8e537d340e/out/vs/platform/terminal/node/ptyHostMain.js:15:5216),    at /home/aleksie/.vscode-server/bin/64bbfbf67ada9953918d72e1df2f4d8e537d340e/out/vs/platform/terminal/node/ptyHostMain.js:15:4502,    at m.invoke (/home/aleksie/.vscode-server/bin/64bbfbf67ada9953918d72e1df2f4d8e537d340e/out/vs/platform/terminal/node/ptyHostMain.js:11:145),    at D.deliver (/home/aleksie/.vscode-server/bin/64bbfbf67ada9953918d72e1df2f4d8e537d340e/out/vs/platform/terminal/node/ptyHostMain.js:11:2275),    at O.fire (/home/aleksie/.vscode-server/bin/64bbfbf67ada9953918d72e1df2f4d8e537d340e/out/vs/platform/terminal/node/ptyHostMain.js:11:1853),    at process.X (/home/aleksie/.vscode-server/bin/64bbfbf67ada9953918d72e1df2f4d8e537d340e/out/vs/platform/terminal/node/ptyHostMain.js:9:20837),    at process.emit (node:events:526:28),    at emit (node:internal/child_process:938:14),    at processTicksAndRejections (node:internal/process/task_queues:84:21)
[02:10:10] [Error [CodeExpectedError]: Could not find pty on pty host,    at a._throwIfNoPty (/home/aleksie/.vscode-server/bin/64bbfbf67ada9953918d72e1df2f4d8e537d340e/out/vs/platform/terminal/node/ptyHostMain.js:27:7252),    at a.updateTitle (/home/aleksie/.vscode-server/bin/64bbfbf67ada9953918d72e1df2f4d8e537d340e/out/vs/platform/terminal/node/ptyHostMain.js:27:2984),    at Object.call (/home/aleksie/.vscode-server/bin/64bbfbf67ada9953918d72e1df2f4d8e537d340e/out/vs/platform/terminal/node/ptyHostMain.js:16:8386),    at c.onPromise (/home/aleksie/.vscode-server/bin/64bbfbf67ada9953918d72e1df2f4d8e537d340e/out/vs/platform/terminal/node/ptyHostMain.js:15:5833),    at c.onRawMessage (/home/aleksie/.vscode-server/bin/64bbfbf67ada9953918d72e1df2f4d8e537d340e/out/vs/platform/terminal/node/ptyHostMain.js:15:5216),    at /home/aleksie/.vscode-server/bin/64bbfbf67ada9953918d72e1df2f4d8e537d340e/out/vs/platform/terminal/node/ptyHostMain.js:15:4502,    at m.invoke (/home/aleksie/.vscode-server/bin/64bbfbf67ada9953918d72e1df2f4d8e537d340e/out/vs/platform/terminal/node/ptyHostMain.js:11:145),    at D.deliver (/home/aleksie/.vscode-server/bin/64bbfbf67ada9953918d72e1df2f4d8e537d340e/out/vs/platform/terminal/node/ptyHostMain.js:11:2275),    at O.fire (/home/aleksie/.vscode-server/bin/64bbfbf67ada9953918d72e1df2f4d8e537d340e/out/vs/platform/terminal/node/ptyHostMain.js:11:1853),    at process.X (/home/aleksie/.vscode-server/bin/64bbfbf67ada9953918d72e1df2f4d8e537d340e/out/vs/platform/terminal/node/ptyHostMain.js:9:20837),    at process.emit (node:events:526:28),    at emit (node:internal/child_process:938:14),    at processTicksAndRejections (node:internal/process/task_queues:84:21)]
rejected promise not handled within 1 second: CodeExpectedError: Could not find pty on pty host
stack trace: CodeExpectedError: Could not find pty on pty host,    at a._throwIfNoPty (/home/aleksie/.vscode-server/bin/64bbfbf67ada9953918d72e1df2f4d8e537d340e/out/vs/platform/terminal/node/ptyHostMain.js:27:7252),    at a.updateTitle (/home/aleksie/.vscode-server/bin/64bbfbf67ada9953918d72e1df2f4d8e537d340e/out/vs/platform/terminal/node/ptyHostMain.js:27:2984),    at Object.call (/home/aleksie/.vscode-server/bin/64bbfbf67ada9953918d72e1df2f4d8e537d340e/out/vs/platform/terminal/node/ptyHostMain.js:16:8386),    at c.onPromise (/home/aleksie/.vscode-server/bin/64bbfbf67ada9953918d72e1df2f4d8e537d340e/out/vs/platform/terminal/node/ptyHostMain.js:15:5833),    at c.onRawMessage (/home/aleksie/.vscode-server/bin/64bbfbf67ada9953918d72e1df2f4d8e537d340e/out/vs/platform/terminal/node/ptyHostMain.js:15:5216),    at /home/aleksie/.vscode-server/bin/64bbfbf67ada9953918d72e1df2f4d8e537d340e/out/vs/platform/terminal/node/ptyHostMain.js:15:4502,    at m.invoke (/home/aleksie/.vscode-server/bin/64bbfbf67ada9953918d72e1df2f4d8e537d340e/out/vs/platform/terminal/node/ptyHostMain.js:11:145),    at D.deliver (/home/aleksie/.vscode-server/bin/64bbfbf67ada9953918d72e1df2f4d8e537d340e/out/vs/platform/terminal/node/ptyHostMain.js:11:2275),    at O.fire (/home/aleksie/.vscode-server/bin/64bbfbf67ada9953918d72e1df2f4d8e537d340e/out/vs/platform/terminal/node/ptyHostMain.js:11:1853),    at process.X (/home/aleksie/.vscode-server/bin/64bbfbf67ada9953918d72e1df2f4d8e537d340e/out/vs/platform/terminal/node/ptyHostMain.js:9:20837),    at process.emit (node:events:526:28),    at emit (node:internal/child_process:938:14),    at processTicksAndRejections (node:internal/process/task_queues:84:21)
[02:10:10] [Error [CodeExpectedError]: Could not find pty on pty host,    at a._throwIfNoPty (/home/aleksie/.vscode-server/bin/64bbfbf67ada9953918d72e1df2f4d8e537d340e/out/vs/platform/terminal/node/ptyHostMain.js:27:7252),    at a.updateTitle (/home/aleksie/.vscode-server/bin/64bbfbf67ada9953918d72e1df2f4d8e537d340e/out/vs/platform/terminal/node/ptyHostMain.js:27:2984),    at Object.call (/home/aleksie/.vscode-server/bin/64bbfbf67ada9953918d72e1df2f4d8e537d340e/out/vs/platform/terminal/node/ptyHostMain.js:16:8386),    at c.onPromise (/home/aleksie/.vscode-server/bin/64bbfbf67ada9953918d72e1df2f4d8e537d340e/out/vs/platform/terminal/node/ptyHostMain.js:15:5833),    at c.onRawMessage (/home/aleksie/.vscode-server/bin/64bbfbf67ada9953918d72e1df2f4d8e537d340e/out/vs/platform/terminal/node/ptyHostMain.js:15:5216),    at /home/aleksie/.vscode-server/bin/64bbfbf67ada9953918d72e1df2f4d8e537d340e/out/vs/platform/terminal/node/ptyHostMain.js:15:4502,    at m.invoke (/home/aleksie/.vscode-server/bin/64bbfbf67ada9953918d72e1df2f4d8e537d340e/out/vs/platform/terminal/node/ptyHostMain.js:11:145),    at D.deliver (/home/aleksie/.vscode-server/bin/64bbfbf67ada9953918d72e1df2f4d8e537d340e/out/vs/platform/terminal/node/ptyHostMain.js:11:2275),    at O.fire (/home/aleksie/.vscode-server/bin/64bbfbf67ada9953918d72e1df2f4d8e537d340e/out/vs/platform/terminal/node/ptyHostMain.js:11:1853),    at process.X (/home/aleksie/.vscode-server/bin/64bbfbf67ada9953918d72e1df2f4d8e537d340e/out/vs/platform/terminal/node/ptyHostMain.js:9:20837),    at process.emit (node:events:526:28),    at emit (node:internal/child_process:938:14),    at processTicksAndRejections (node:internal/process/task_queues:84:21)]
rejected promise not handled within 1 second: CodeExpectedError: Could not find pty on pty host
stack trace: CodeExpectedError: Could not find pty on pty host,    at a._throwIfNoPty (/home/aleksie/.vscode-server/bin/64bbfbf67ada9953918d72e1df2f4d8e537d340e/out/vs/platform/terminal/node/ptyHostMain.js:27:7252),    at a.updateTitle (/home/aleksie/.vscode-server/bin/64bbfbf67ada9953918d72e1df2f4d8e537d340e/out/vs/platform/terminal/node/ptyHostMain.js:27:2984),    at Object.call (/home/aleksie/.vscode-server/bin/64bbfbf67ada9953918d72e1df2f4d8e537d340e/out/vs/platform/terminal/node/ptyHostMain.js:16:8386),    at c.onPromise (/home/aleksie/.vscode-server/bin/64bbfbf67ada9953918d72e1df2f4d8e537d340e/out/vs/platform/terminal/node/ptyHostMain.js:15:5833),    at c.onRawMessage (/home/aleksie/.vscode-server/bin/64bbfbf67ada9953918d72e1df2f4d8e537d340e/out/vs/platform/terminal/node/ptyHostMain.js:15:5216),    at /home/aleksie/.vscode-server/bin/64bbfbf67ada9953918d72e1df2f4d8e537d340e/out/vs/platform/terminal/node/ptyHostMain.js:15:4502,    at m.invoke (/home/aleksie/.vscode-server/bin/64bbfbf67ada9953918d72e1df2f4d8e537d340e/out/vs/platform/terminal/node/ptyHostMain.js:11:145),    at D.deliver (/home/aleksie/.vscode-server/bin/64bbfbf67ada9953918d72e1df2f4d8e537d340e/out/vs/platform/terminal/node/ptyHostMain.js:11:2275),    at O.fire (/home/aleksie/.vscode-server/bin/64bbfbf67ada9953918d72e1df2f4d8e537d340e/out/vs/platform/terminal/node/ptyHostMain.js:11:1853),    at process.X (/home/aleksie/.vscode-server/bin/64bbfbf67ada9953918d72e1df2f4d8e537d340e/out/vs/platform/terminal/node/ptyHostMain.js:9:20837),    at process.emit (node:events:526:28),    at emit (node:internal/child_process:938:14),    at processTicksAndRejections (node:internal/process/task_queues:84:21)
[02:10:11] [Error [CodeExpectedError]: Could not find pty on pty host,    at a._throwIfNoPty (/home/aleksie/.vscode-server/bin/64bbfbf67ada9953918d72e1df2f4d8e537d340e/out/vs/platform/terminal/node/ptyHostMain.js:27:7252),    at a.updateTitle (/home/aleksie/.vscode-server/bin/64bbfbf67ada9953918d72e1df2f4d8e537d340e/out/vs/platform/terminal/node/ptyHostMain.js:27:2984),    at Object.call (/home/aleksie/.vscode-server/bin/64bbfbf67ada9953918d72e1df2f4d8e537d340e/out/vs/platform/terminal/node/ptyHostMain.js:16:8386),    at c.onPromise (/home/aleksie/.vscode-server/bin/64bbfbf67ada9953918d72e1df2f4d8e537d340e/out/vs/platform/terminal/node/ptyHostMain.js:15:5833),    at c.onRawMessage (/home/aleksie/.vscode-server/bin/64bbfbf67ada9953918d72e1df2f4d8e537d340e/out/vs/platform/terminal/node/ptyHostMain.js:15:5216),    at /home/aleksie/.vscode-server/bin/64bbfbf67ada9953918d72e1df2f4d8e537d340e/out/vs/platform/terminal/node/ptyHostMain.js:15:4502,    at m.invoke (/home/aleksie/.vscode-server/bin/64bbfbf67ada9953918d72e1df2f4d8e537d340e/out/vs/platform/terminal/node/ptyHostMain.js:11:145),    at D.deliver (/home/aleksie/.vscode-server/bin/64bbfbf67ada9953918d72e1df2f4d8e537d340e/out/vs/platform/terminal/node/ptyHostMain.js:11:2275),    at O.fire (/home/aleksie/.vscode-server/bin/64bbfbf67ada9953918d72e1df2f4d8e537d340e/out/vs/platform/terminal/node/ptyHostMain.js:11:1853),    at process.X (/home/aleksie/.vscode-server/bin/64bbfbf67ada9953918d72e1df2f4d8e537d340e/out/vs/platform/terminal/node/ptyHostMain.js:9:20837),    at process.emit (node:events:526:28),    at emit (node:internal/child_process:938:14),    at processTicksAndRejections (node:internal/process/task_queues:84:21)]
[02:14:37] [127.0.0.1][e4f09baf][ManagementConnection] The client has reconnected.
rejected promise not handled within 1 second: CodeExpectedError: Could not find pty on pty host
stack trace: CodeExpectedError: Could not find pty on pty host,    at a._throwIfNoPty (/home/aleksie/.vscode-server/bin/64bbfbf67ada9953918d72e1df2f4d8e537d340e/out/vs/platform/terminal/node/ptyHostMain.js:27:7252),    at a.updateIcon (/home/aleksie/.vscode-server/bin/64bbfbf67ada9953918d72e1df2f4d8e537d340e/out/vs/platform/terminal/node/ptyHostMain.js:27:3046),    at Object.call (/home/aleksie/.vscode-server/bin/64bbfbf67ada9953918d72e1df2f4d8e537d340e/out/vs/platform/terminal/node/ptyHostMain.js:16:8386),    at c.onPromise (/home/aleksie/.vscode-server/bin/64bbfbf67ada9953918d72e1df2f4d8e537d340e/out/vs/platform/terminal/node/ptyHostMain.js:15:5833),    at c.onRawMessage (/home/aleksie/.vscode-server/bin/64bbfbf67ada9953918d72e1df2f4d8e537d340e/out/vs/platform/terminal/node/ptyHostMain.js:15:5216),    at /home/aleksie/.vscode-server/bin/64bbfbf67ada9953918d72e1df2f4d8e537d340e/out/vs/platform/terminal/node/ptyHostMain.js:15:4502,    at m.invoke (/home/aleksie/.vscode-server/bin/64bbfbf67ada9953918d72e1df2f4d8e537d340e/out/vs/platform/terminal/node/ptyHostMain.js:11:145),    at D.deliver (/home/aleksie/.vscode-server/bin/64bbfbf67ada9953918d72e1df2f4d8e537d340e/out/vs/platform/terminal/node/ptyHostMain.js:11:2275),    at O.fire (/home/aleksie/.vscode-server/bin/64bbfbf67ada9953918d72e1df2f4d8e537d340e/out/vs/platform/terminal/node/ptyHostMain.js:11:1853),    at process.X (/home/aleksie/.vscode-server/bin/64bbfbf67ada9953918d72e1df2f4d8e537d340e/out/vs/platform/terminal/node/ptyHostMain.js:9:20837),    at process.emit (node:events:526:28),    at emit (node:internal/child_process:938:14),    at processTicksAndRejections (node:internal/process/task_queues:84:21)
[02:14:38] [Error [CodeExpectedError]: Could not find pty on pty host,    at a._throwIfNoPty (/home/aleksie/.vscode-server/bin/64bbfbf67ada9953918d72e1df2f4d8e537d340e/out/vs/platform/terminal/node/ptyHostMain.js:27:7252),    at a.updateIcon (/home/aleksie/.vscode-server/bin/64bbfbf67ada9953918d72e1df2f4d8e537d340e/out/vs/platform/terminal/node/ptyHostMain.js:27:3046),    at Object.call (/home/aleksie/.vscode-server/bin/64bbfbf67ada9953918d72e1df2f4d8e537d340e/out/vs/platform/terminal/node/ptyHostMain.js:16:8386),    at c.onPromise (/home/aleksie/.vscode-server/bin/64bbfbf67ada9953918d72e1df2f4d8e537d340e/out/vs/platform/terminal/node/ptyHostMain.js:15:5833),    at c.onRawMessage (/home/aleksie/.vscode-server/bin/64bbfbf67ada9953918d72e1df2f4d8e537d340e/out/vs/platform/terminal/node/ptyHostMain.js:15:5216),    at /home/aleksie/.vscode-server/bin/64bbfbf67ada9953918d72e1df2f4d8e537d340e/out/vs/platform/terminal/node/ptyHostMain.js:15:4502,    at m.invoke (/home/aleksie/.vscode-server/bin/64bbfbf67ada9953918d72e1df2f4d8e537d340e/out/vs/platform/terminal/node/ptyHostMain.js:11:145),    at D.deliver (/home/aleksie/.vscode-server/bin/64bbfbf67ada9953918d72e1df2f4d8e537d340e/out/vs/platform/terminal/node/ptyHostMain.js:11:2275),    at O.fire (/home/aleksie/.vscode-server/bin/64bbfbf67ada9953918d72e1df2f4d8e537d340e/out/vs/platform/terminal/node/ptyHostMain.js:11:1853),    at process.X (/home/aleksie/.vscode-server/bin/64bbfbf67ada9953918d72e1df2f4d8e537d340e/out/vs/platform/terminal/node/ptyHostMain.js:9:20837),    at process.emit (node:events:526:28),    at emit (node:internal/child_process:938:14),    at processTicksAndRejections (node:internal/process/task_queues:84:21)]
rejected promise not handled within 1 second: CodeExpectedError: Could not find pty on pty host
stack trace: CodeExpectedError: Could not find pty on pty host,    at a._throwIfNoPty (/home/aleksie/.vscode-server/bin/64bbfbf67ada9953918d72e1df2f4d8e537d340e/out/vs/platform/terminal/node/ptyHostMain.js:27:7252),    at a.updateTitle (/home/aleksie/.vscode-server/bin/64bbfbf67ada9953918d72e1df2f4d8e537d340e/out/vs/platform/terminal/node/ptyHostMain.js:27:2984),    at Object.call (/home/aleksie/.vscode-server/bin/64bbfbf67ada9953918d72e1df2f4d8e537d340e/out/vs/platform/terminal/node/ptyHostMain.js:16:8386),    at c.onPromise (/home/aleksie/.vscode-server/bin/64bbfbf67ada9953918d72e1df2f4d8e537d340e/out/vs/platform/terminal/node/ptyHostMain.js:15:5833),    at c.onRawMessage (/home/aleksie/.vscode-server/bin/64bbfbf67ada9953918d72e1df2f4d8e537d340e/out/vs/platform/terminal/node/ptyHostMain.js:15:5216),    at /home/aleksie/.vscode-server/bin/64bbfbf67ada9953918d72e1df2f4d8e537d340e/out/vs/platform/terminal/node/ptyHostMain.js:15:4502,    at m.invoke (/home/aleksie/.vscode-server/bin/64bbfbf67ada9953918d72e1df2f4d8e537d340e/out/vs/platform/terminal/node/ptyHostMain.js:11:145),    at D.deliver (/home/aleksie/.vscode-server/bin/64bbfbf67ada9953918d72e1df2f4d8e537d340e/out/vs/platform/terminal/node/ptyHostMain.js:11:2275),    at O.fire (/home/aleksie/.vscode-server/bin/64bbfbf67ada9953918d72e1df2f4d8e537d340e/out/vs/platform/terminal/node/ptyHostMain.js:11:1853),    at process.X (/home/aleksie/.vscode-server/bin/64bbfbf67ada9953918d72e1df2f4d8e537d340e/out/vs/platform/terminal/node/ptyHostMain.js:9:20837),    at process.emit (node:events:526:28),    at emit (node:internal/child_process:938:14),    at processTicksAndRejections (node:internal/process/task_queues:84:21)
[02:14:38] [Error [CodeExpectedError]: Could not find pty on pty host,    at a._throwIfNoPty (/home/aleksie/.vscode-server/bin/64bbfbf67ada9953918d72e1df2f4d8e537d340e/out/vs/platform/terminal/node/ptyHostMain.js:27:7252),    at a.updateTitle (/home/aleksie/.vscode-server/bin/64bbfbf67ada9953918d72e1df2f4d8e537d340e/out/vs/platform/terminal/node/ptyHostMain.js:27:2984),    at Object.call (/home/aleksie/.vscode-server/bin/64bbfbf67ada9953918d72e1df2f4d8e537d340e/out/vs/platform/terminal/node/ptyHostMain.js:16:8386),    at c.onPromise (/home/aleksie/.vscode-server/bin/64bbfbf67ada9953918d72e1df2f4d8e537d340e/out/vs/platform/terminal/node/ptyHostMain.js:15:5833),    at c.onRawMessage (/home/aleksie/.vscode-server/bin/64bbfbf67ada9953918d72e1df2f4d8e537d340e/out/vs/platform/terminal/node/ptyHostMain.js:15:5216),    at /home/aleksie/.vscode-server/bin/64bbfbf67ada9953918d72e1df2f4d8e537d340e/out/vs/platform/terminal/node/ptyHostMain.js:15:4502,    at m.invoke (/home/aleksie/.vscode-server/bin/64bbfbf67ada9953918d72e1df2f4d8e537d340e/out/vs/platform/terminal/node/ptyHostMain.js:11:145),    at D.deliver (/home/aleksie/.vscode-server/bin/64bbfbf67ada9953918d72e1df2f4d8e537d340e/out/vs/platform/terminal/node/ptyHostMain.js:11:2275),    at O.fire (/home/aleksie/.vscode-server/bin/64bbfbf67ada9953918d72e1df2f4d8e537d340e/out/vs/platform/terminal/node/ptyHostMain.js:11:1853),    at process.X (/home/aleksie/.vscode-server/bin/64bbfbf67ada9953918d72e1df2f4d8e537d340e/out/vs/platform/terminal/node/ptyHostMain.js:9:20837),    at process.emit (node:events:526:28),    at emit (node:internal/child_process:938:14),    at processTicksAndRejections (node:internal/process/task_queues:84:21)]
rejected promise not handled within 1 second: CodeExpectedError: Could not find pty on pty host
stack trace: CodeExpectedError: Could not find pty on pty host,    at a._throwIfNoPty (/home/aleksie/.vscode-server/bin/64bbfbf67ada9953918d72e1df2f4d8e537d340e/out/vs/platform/terminal/node/ptyHostMain.js:27:7252),    at a.updateTitle (/home/aleksie/.vscode-server/bin/64bbfbf67ada9953918d72e1df2f4d8e537d340e/out/vs/platform/terminal/node/ptyHostMain.js:27:2984),    at Object.call (/home/aleksie/.vscode-server/bin/64bbfbf67ada9953918d72e1df2f4d8e537d340e/out/vs/platform/terminal/node/ptyHostMain.js:16:8386),    at c.onPromise (/home/aleksie/.vscode-server/bin/64bbfbf67ada9953918d72e1df2f4d8e537d340e/out/vs/platform/terminal/node/ptyHostMain.js:15:5833),    at c.onRawMessage (/home/aleksie/.vscode-server/bin/64bbfbf67ada9953918d72e1df2f4d8e537d340e/out/vs/platform/terminal/node/ptyHostMain.js:15:5216),    at /home/aleksie/.vscode-server/bin/64bbfbf67ada9953918d72e1df2f4d8e537d340e/out/vs/platform/terminal/node/ptyHostMain.js:15:4502,    at m.invoke (/home/aleksie/.vscode-server/bin/64bbfbf67ada9953918d72e1df2f4d8e537d340e/out/vs/platform/terminal/node/ptyHostMain.js:11:145),    at D.deliver (/home/aleksie/.vscode-server/bin/64bbfbf67ada9953918d72e1df2f4d8e537d340e/out/vs/platform/terminal/node/ptyHostMain.js:11:2275),    at O.fire (/home/aleksie/.vscode-server/bin/64bbfbf67ada9953918d72e1df2f4d8e537d340e/out/vs/platform/terminal/node/ptyHostMain.js:11:1853),    at process.X (/home/aleksie/.vscode-server/bin/64bbfbf67ada9953918d72e1df2f4d8e537d340e/out/vs/platform/terminal/node/ptyHostMain.js:9:20837),    at process.emit (node:events:526:28),    at emit (node:internal/child_process:938:14),    at processTicksAndRejections (node:internal/process/task_queues:84:21)
[02:14:38] [Error [CodeExpectedError]: Could not find pty on pty host,    at a._throwIfNoPty (/home/aleksie/.vscode-server/bin/64bbfbf67ada9953918d72e1df2f4d8e537d340e/out/vs/platform/terminal/node/ptyHostMain.js:27:7252),    at a.updateTitle (/home/aleksie/.vscode-server/bin/64bbfbf67ada9953918d72e1df2f4d8e537d340e/out/vs/platform/terminal/node/ptyHostMain.js:27:2984),    at Object.call (/home/aleksie/.vscode-server/bin/64bbfbf67ada9953918d72e1df2f4d8e537d340e/out/vs/platform/terminal/node/ptyHostMain.js:16:8386),    at c.onPromise (/home/aleksie/.vscode-server/bin/64bbfbf67ada9953918d72e1df2f4d8e537d340e/out/vs/platform/terminal/node/ptyHostMain.js:15:5833),    at c.onRawMessage (/home/aleksie/.vscode-server/bin/64bbfbf67ada9953918d72e1df2f4d8e537d340e/out/vs/platform/terminal/node/ptyHostMain.js:15:5216),    at /home/aleksie/.vscode-server/bin/64bbfbf67ada9953918d72e1df2f4d8e537d340e/out/vs/platform/terminal/node/ptyHostMain.js:15:4502,    at m.invoke (/home/aleksie/.vscode-server/bin/64bbfbf67ada9953918d72e1df2f4d8e537d340e/out/vs/platform/terminal/node/ptyHostMain.js:11:145),    at D.deliver (/home/aleksie/.vscode-server/bin/64bbfbf67ada9953918d72e1df2f4d8e537d340e/out/vs/platform/terminal/node/ptyHostMain.js:11:2275),    at O.fire (/home/aleksie/.vscode-server/bin/64bbfbf67ada9953918d72e1df2f4d8e537d340e/out/vs/platform/terminal/node/ptyHostMain.js:11:1853),    at process.X (/home/aleksie/.vscode-server/bin/64bbfbf67ada9953918d72e1df2f4d8e537d340e/out/vs/platform/terminal/node/ptyHostMain.js:9:20837),    at process.emit (node:events:526:28),    at emit (node:internal/child_process:938:14),    at processTicksAndRejections (node:internal/process/task_queues:84:21)]
rejected promise not handled within 1 second: CodeExpectedError: Could not find pty on pty host
stack trace: CodeExpectedError: Could not find pty on pty host,    at a._throwIfNoPty (/home/aleksie/.vscode-server/bin/64bbfbf67ada9953918d72e1df2f4d8e537d340e/out/vs/platform/terminal/node/ptyHostMain.js:27:7252),    at a.updateTitle (/home/aleksie/.vscode-server/bin/64bbfbf67ada9953918d72e1df2f4d8e537d340e/out/vs/platform/terminal/node/ptyHostMain.js:27:2984),    at Object.call (/home/aleksie/.vscode-server/bin/64bbfbf67ada9953918d72e1df2f4d8e537d340e/out/vs/platform/terminal/node/ptyHostMain.js:16:8386),    at c.onPromise (/home/aleksie/.vscode-server/bin/64bbfbf67ada9953918d72e1df2f4d8e537d340e/out/vs/platform/terminal/node/ptyHostMain.js:15:5833),    at c.onRawMessage (/home/aleksie/.vscode-server/bin/64bbfbf67ada9953918d72e1df2f4d8e537d340e/out/vs/platform/terminal/node/ptyHostMain.js:15:5216),    at /home/aleksie/.vscode-server/bin/64bbfbf67ada9953918d72e1df2f4d8e537d340e/out/vs/platform/terminal/node/ptyHostMain.js:15:4502,    at m.invoke (/home/aleksie/.vscode-server/bin/64bbfbf67ada9953918d72e1df2f4d8e537d340e/out/vs/platform/terminal/node/ptyHostMain.js:11:145),    at D.deliver (/home/aleksie/.vscode-server/bin/64bbfbf67ada9953918d72e1df2f4d8e537d340e/out/vs/platform/terminal/node/ptyHostMain.js:11:2275),    at O.fire (/home/aleksie/.vscode-server/bin/64bbfbf67ada9953918d72e1df2f4d8e537d340e/out/vs/platform/terminal/node/ptyHostMain.js:11:1853),    at process.X (/home/aleksie/.vscode-server/bin/64bbfbf67ada9953918d72e1df2f4d8e537d340e/out/vs/platform/terminal/node/ptyHostMain.js:9:20837),    at process.emit (node:events:526:28),    at emit (node:internal/child_process:938:14),    at processTicksAndRejections (node:internal/process/task_queues:84:21)
[02:14:39] [Error [CodeExpectedError]: Could not find pty on pty host,    at a._throwIfNoPty (/home/aleksie/.vscode-server/bin/64bbfbf67ada9953918d72e1df2f4d8e537d340e/out/vs/platform/terminal/node/ptyHostMain.js:27:7252),    at a.updateTitle (/home/aleksie/.vscode-server/bin/64bbfbf67ada9953918d72e1df2f4d8e537d340e/out/vs/platform/terminal/node/ptyHostMain.js:27:2984),    at Object.call (/home/aleksie/.vscode-server/bin/64bbfbf67ada9953918d72e1df2f4d8e537d340e/out/vs/platform/terminal/node/ptyHostMain.js:16:8386),    at c.onPromise (/home/aleksie/.vscode-server/bin/64bbfbf67ada9953918d72e1df2f4d8e537d340e/out/vs/platform/terminal/node/ptyHostMain.js:15:5833),    at c.onRawMessage (/home/aleksie/.vscode-server/bin/64bbfbf67ada9953918d72e1df2f4d8e537d340e/out/vs/platform/terminal/node/ptyHostMain.js:15:5216),    at /home/aleksie/.vscode-server/bin/64bbfbf67ada9953918d72e1df2f4d8e537d340e/out/vs/platform/terminal/node/ptyHostMain.js:15:4502,    at m.invoke (/home/aleksie/.vscode-server/bin/64bbfbf67ada9953918d72e1df2f4d8e537d340e/out/vs/platform/terminal/node/ptyHostMain.js:11:145),    at D.deliver (/home/aleksie/.vscode-server/bin/64bbfbf67ada9953918d72e1df2f4d8e537d340e/out/vs/platform/terminal/node/ptyHostMain.js:11:2275),    at O.fire (/home/aleksie/.vscode-server/bin/64bbfbf67ada9953918d72e1df2f4d8e537d340e/out/vs/platform/terminal/node/ptyHostMain.js:11:1853),    at process.X (/home/aleksie/.vscode-server/bin/64bbfbf67ada9953918d72e1df2f4d8e537d340e/out/vs/platform/terminal/node/ptyHostMain.js:9:20837),    at process.emit (node:events:526:28),    at emit (node:internal/child_process:938:14),    at processTicksAndRejections (node:internal/process/task_queues:84:21)]
[02:14:54] [127.0.0.1][d3170b66][ExtensionHostConnection] The client has reconnected.
[02:30:44] [127.0.0.1][e4f09baf][ManagementConnection] The client has reconnected.
rejected promise not handled within 1 second: CodeExpectedError: Could not find pty on pty host
stack trace: CodeExpectedError: Could not find pty on pty host,    at a._throwIfNoPty (/home/aleksie/.vscode-server/bin/64bbfbf67ada9953918d72e1df2f4d8e537d340e/out/vs/platform/terminal/node/ptyHostMain.js:27:7252),    at a.updateIcon (/home/aleksie/.vscode-server/bin/64bbfbf67ada9953918d72e1df2f4d8e537d340e/out/vs/platform/terminal/node/ptyHostMain.js:27:3046),    at Object.call (/home/aleksie/.vscode-server/bin/64bbfbf67ada9953918d72e1df2f4d8e537d340e/out/vs/platform/terminal/node/ptyHostMain.js:16:8386),    at c.onPromise (/home/aleksie/.vscode-server/bin/64bbfbf67ada9953918d72e1df2f4d8e537d340e/out/vs/platform/terminal/node/ptyHostMain.js:15:5833),    at c.onRawMessage (/home/aleksie/.vscode-server/bin/64bbfbf67ada9953918d72e1df2f4d8e537d340e/out/vs/platform/terminal/node/ptyHostMain.js:15:5216),    at /home/aleksie/.vscode-server/bin/64bbfbf67ada9953918d72e1df2f4d8e537d340e/out/vs/platform/terminal/node/ptyHostMain.js:15:4502,    at m.invoke (/home/aleksie/.vscode-server/bin/64bbfbf67ada9953918d72e1df2f4d8e537d340e/out/vs/platform/terminal/node/ptyHostMain.js:11:145),    at D.deliver (/home/aleksie/.vscode-server/bin/64bbfbf67ada9953918d72e1df2f4d8e537d340e/out/vs/platform/terminal/node/ptyHostMain.js:11:2275),    at O.fire (/home/aleksie/.vscode-server/bin/64bbfbf67ada9953918d72e1df2f4d8e537d340e/out/vs/platform/terminal/node/ptyHostMain.js:11:1853),    at process.X (/home/aleksie/.vscode-server/bin/64bbfbf67ada9953918d72e1df2f4d8e537d340e/out/vs/platform/terminal/node/ptyHostMain.js:9:20837),    at process.emit (node:events:526:28),    at emit (node:internal/child_process:938:14),    at processTicksAndRejections (node:internal/process/task_queues:84:21)
[02:30:45] [Error [CodeExpectedError]: Could not find pty on pty host,    at a._throwIfNoPty (/home/aleksie/.vscode-server/bin/64bbfbf67ada9953918d72e1df2f4d8e537d340e/out/vs/platform/terminal/node/ptyHostMain.js:27:7252),    at a.updateIcon (/home/aleksie/.vscode-server/bin/64bbfbf67ada9953918d72e1df2f4d8e537d340e/out/vs/platform/terminal/node/ptyHostMain.js:27:3046),    at Object.call (/home/aleksie/.vscode-server/bin/64bbfbf67ada9953918d72e1df2f4d8e537d340e/out/vs/platform/terminal/node/ptyHostMain.js:16:8386),    at c.onPromise (/home/aleksie/.vscode-server/bin/64bbfbf67ada9953918d72e1df2f4d8e537d340e/out/vs/platform/terminal/node/ptyHostMain.js:15:5833),    at c.onRawMessage (/home/aleksie/.vscode-server/bin/64bbfbf67ada9953918d72e1df2f4d8e537d340e/out/vs/platform/terminal/node/ptyHostMain.js:15:5216),    at /home/aleksie/.vscode-server/bin/64bbfbf67ada9953918d72e1df2f4d8e537d340e/out/vs/platform/terminal/node/ptyHostMain.js:15:4502,    at m.invoke (/home/aleksie/.vscode-server/bin/64bbfbf67ada9953918d72e1df2f4d8e537d340e/out/vs/platform/terminal/node/ptyHostMain.js:11:145),    at D.deliver (/home/aleksie/.vscode-server/bin/64bbfbf67ada9953918d72e1df2f4d8e537d340e/out/vs/platform/terminal/node/ptyHostMain.js:11:2275),    at O.fire (/home/aleksie/.vscode-server/bin/64bbfbf67ada9953918d72e1df2f4d8e537d340e/out/vs/platform/terminal/node/ptyHostMain.js:11:1853),    at process.X (/home/aleksie/.vscode-server/bin/64bbfbf67ada9953918d72e1df2f4d8e537d340e/out/vs/platform/terminal/node/ptyHostMain.js:9:20837),    at process.emit (node:events:526:28),    at emit (node:internal/child_process:938:14),    at processTicksAndRejections (node:internal/process/task_queues:84:21)]
rejected promise not handled within 1 second: CodeExpectedError: Could not find pty on pty host
stack trace: CodeExpectedError: Could not find pty on pty host,    at a._throwIfNoPty (/home/aleksie/.vscode-server/bin/64bbfbf67ada9953918d72e1df2f4d8e537d340e/out/vs/platform/terminal/node/ptyHostMain.js:27:7252),    at a.updateTitle (/home/aleksie/.vscode-server/bin/64bbfbf67ada9953918d72e1df2f4d8e537d340e/out/vs/platform/terminal/node/ptyHostMain.js:27:2984),    at Object.call (/home/aleksie/.vscode-server/bin/64bbfbf67ada9953918d72e1df2f4d8e537d340e/out/vs/platform/terminal/node/ptyHostMain.js:16:8386),    at c.onPromise (/home/aleksie/.vscode-server/bin/64bbfbf67ada9953918d72e1df2f4d8e537d340e/out/vs/platform/terminal/node/ptyHostMain.js:15:5833),    at c.onRawMessage (/home/aleksie/.vscode-server/bin/64bbfbf67ada9953918d72e1df2f4d8e537d340e/out/vs/platform/terminal/node/ptyHostMain.js:15:5216),    at /home/aleksie/.vscode-server/bin/64bbfbf67ada9953918d72e1df2f4d8e537d340e/out/vs/platform/terminal/node/ptyHostMain.js:15:4502,    at m.invoke (/home/aleksie/.vscode-server/bin/64bbfbf67ada9953918d72e1df2f4d8e537d340e/out/vs/platform/terminal/node/ptyHostMain.js:11:145),    at D.deliver (/home/aleksie/.vscode-server/bin/64bbfbf67ada9953918d72e1df2f4d8e537d340e/out/vs/platform/terminal/node/ptyHostMain.js:11:2275),    at O.fire (/home/aleksie/.vscode-server/bin/64bbfbf67ada9953918d72e1df2f4d8e537d340e/out/vs/platform/terminal/node/ptyHostMain.js:11:1853),    at process.X (/home/aleksie/.vscode-server/bin/64bbfbf67ada9953918d72e1df2f4d8e537d340e/out/vs/platform/terminal/node/ptyHostMain.js:9:20837),    at process.emit (node:events:526:28),    at emit (node:internal/child_process:938:14),    at processTicksAndRejections (node:internal/process/task_queues:84:21)
[02:30:45] [Error [CodeExpectedError]: Could not find pty on pty host,    at a._throwIfNoPty (/home/aleksie/.vscode-server/bin/64bbfbf67ada9953918d72e1df2f4d8e537d340e/out/vs/platform/terminal/node/ptyHostMain.js:27:7252),    at a.updateTitle (/home/aleksie/.vscode-server/bin/64bbfbf67ada9953918d72e1df2f4d8e537d340e/out/vs/platform/terminal/node/ptyHostMain.js:27:2984),    at Object.call (/home/aleksie/.vscode-server/bin/64bbfbf67ada9953918d72e1df2f4d8e537d340e/out/vs/platform/terminal/node/ptyHostMain.js:16:8386),    at c.onPromise (/home/aleksie/.vscode-server/bin/64bbfbf67ada9953918d72e1df2f4d8e537d340e/out/vs/platform/terminal/node/ptyHostMain.js:15:5833),    at c.onRawMessage (/home/aleksie/.vscode-server/bin/64bbfbf67ada9953918d72e1df2f4d8e537d340e/out/vs/platform/terminal/node/ptyHostMain.js:15:5216),    at /home/aleksie/.vscode-server/bin/64bbfbf67ada9953918d72e1df2f4d8e537d340e/out/vs/platform/terminal/node/ptyHostMain.js:15:4502,    at m.invoke (/home/aleksie/.vscode-server/bin/64bbfbf67ada9953918d72e1df2f4d8e537d340e/out/vs/platform/terminal/node/ptyHostMain.js:11:145),    at D.deliver (/home/aleksie/.vscode-server/bin/64bbfbf67ada9953918d72e1df2f4d8e537d340e/out/vs/platform/terminal/node/ptyHostMain.js:11:2275),    at O.fire (/home/aleksie/.vscode-server/bin/64bbfbf67ada9953918d72e1df2f4d8e537d340e/out/vs/platform/terminal/node/ptyHostMain.js:11:1853),    at process.X (/home/aleksie/.vscode-server/bin/64bbfbf67ada9953918d72e1df2f4d8e537d340e/out/vs/platform/terminal/node/ptyHostMain.js:9:20837),    at process.emit (node:events:526:28),    at emit (node:internal/child_process:938:14),    at processTicksAndRejections (node:internal/process/task_queues:84:21)]
rejected promise not handled within 1 second: CodeExpectedError: Could not find pty on pty host
stack trace: CodeExpectedError: Could not find pty on pty host,    at a._throwIfNoPty (/home/aleksie/.vscode-server/bin/64bbfbf67ada9953918d72e1df2f4d8e537d340e/out/vs/platform/terminal/node/ptyHostMain.js:27:7252),    at a.updateTitle (/home/aleksie/.vscode-server/bin/64bbfbf67ada9953918d72e1df2f4d8e537d340e/out/vs/platform/terminal/node/ptyHostMain.js:27:2984),    at Object.call (/home/aleksie/.vscode-server/bin/64bbfbf67ada9953918d72e1df2f4d8e537d340e/out/vs/platform/terminal/node/ptyHostMain.js:16:8386),    at c.onPromise (/home/aleksie/.vscode-server/bin/64bbfbf67ada9953918d72e1df2f4d8e537d340e/out/vs/platform/terminal/node/ptyHostMain.js:15:5833),    at c.onRawMessage (/home/aleksie/.vscode-server/bin/64bbfbf67ada9953918d72e1df2f4d8e537d340e/out/vs/platform/terminal/node/ptyHostMain.js:15:5216),    at /home/aleksie/.vscode-server/bin/64bbfbf67ada9953918d72e1df2f4d8e537d340e/out/vs/platform/terminal/node/ptyHostMain.js:15:4502,    at m.invoke (/home/aleksie/.vscode-server/bin/64bbfbf67ada9953918d72e1df2f4d8e537d340e/out/vs/platform/terminal/node/ptyHostMain.js:11:145),    at D.deliver (/home/aleksie/.vscode-server/bin/64bbfbf67ada9953918d72e1df2f4d8e537d340e/out/vs/platform/terminal/node/ptyHostMain.js:11:2275),    at O.fire (/home/aleksie/.vscode-server/bin/64bbfbf67ada9953918d72e1df2f4d8e537d340e/out/vs/platform/terminal/node/ptyHostMain.js:11:1853),    at process.X (/home/aleksie/.vscode-server/bin/64bbfbf67ada9953918d72e1df2f4d8e537d340e/out/vs/platform/terminal/node/ptyHostMain.js:9:20837),    at process.emit (node:events:526:28),    at emit (node:internal/child_process:938:14),    at processTicksAndRejections (node:internal/process/task_queues:84:21)
[02:30:45] [Error [CodeExpectedError]: Could not find pty on pty host,    at a._throwIfNoPty (/home/aleksie/.vscode-server/bin/64bbfbf67ada9953918d72e1df2f4d8e537d340e/out/vs/platform/terminal/node/ptyHostMain.js:27:7252),    at a.updateTitle (/home/aleksie/.vscode-server/bin/64bbfbf67ada9953918d72e1df2f4d8e537d340e/out/vs/platform/terminal/node/ptyHostMain.js:27:2984),    at Object.call (/home/aleksie/.vscode-server/bin/64bbfbf67ada9953918d72e1df2f4d8e537d340e/out/vs/platform/terminal/node/ptyHostMain.js:16:8386),    at c.onPromise (/home/aleksie/.vscode-server/bin/64bbfbf67ada9953918d72e1df2f4d8e537d340e/out/vs/platform/terminal/node/ptyHostMain.js:15:5833),    at c.onRawMessage (/home/aleksie/.vscode-server/bin/64bbfbf67ada9953918d72e1df2f4d8e537d340e/out/vs/platform/terminal/node/ptyHostMain.js:15:5216),    at /home/aleksie/.vscode-server/bin/64bbfbf67ada9953918d72e1df2f4d8e537d340e/out/vs/platform/terminal/node/ptyHostMain.js:15:4502,    at m.invoke (/home/aleksie/.vscode-server/bin/64bbfbf67ada9953918d72e1df2f4d8e537d340e/out/vs/platform/terminal/node/ptyHostMain.js:11:145),    at D.deliver (/home/aleksie/.vscode-server/bin/64bbfbf67ada9953918d72e1df2f4d8e537d340e/out/vs/platform/terminal/node/ptyHostMain.js:11:2275),    at O.fire (/home/aleksie/.vscode-server/bin/64bbfbf67ada9953918d72e1df2f4d8e537d340e/out/vs/platform/terminal/node/ptyHostMain.js:11:1853),    at process.X (/home/aleksie/.vscode-server/bin/64bbfbf67ada9953918d72e1df2f4d8e537d340e/out/vs/platform/terminal/node/ptyHostMain.js:9:20837),    at process.emit (node:events:526:28),    at emit (node:internal/child_process:938:14),    at processTicksAndRejections (node:internal/process/task_queues:84:21)]
rejected promise not handled within 1 second: CodeExpectedError: Could not find pty on pty host
stack trace: CodeExpectedError: Could not find pty on pty host,    at a._throwIfNoPty (/home/aleksie/.vscode-server/bin/64bbfbf67ada9953918d72e1df2f4d8e537d340e/out/vs/platform/terminal/node/ptyHostMain.js:27:7252),    at a.updateTitle (/home/aleksie/.vscode-server/bin/64bbfbf67ada9953918d72e1df2f4d8e537d340e/out/vs/platform/terminal/node/ptyHostMain.js:27:2984),    at Object.call (/home/aleksie/.vscode-server/bin/64bbfbf67ada9953918d72e1df2f4d8e537d340e/out/vs/platform/terminal/node/ptyHostMain.js:16:8386),    at c.onPromise (/home/aleksie/.vscode-server/bin/64bbfbf67ada9953918d72e1df2f4d8e537d340e/out/vs/platform/terminal/node/ptyHostMain.js:15:5833),    at c.onRawMessage (/home/aleksie/.vscode-server/bin/64bbfbf67ada9953918d72e1df2f4d8e537d340e/out/vs/platform/terminal/node/ptyHostMain.js:15:5216),    at /home/aleksie/.vscode-server/bin/64bbfbf67ada9953918d72e1df2f4d8e537d340e/out/vs/platform/terminal/node/ptyHostMain.js:15:4502,    at m.invoke (/home/aleksie/.vscode-server/bin/64bbfbf67ada9953918d72e1df2f4d8e537d340e/out/vs/platform/terminal/node/ptyHostMain.js:11:145),    at D.deliver (/home/aleksie/.vscode-server/bin/64bbfbf67ada9953918d72e1df2f4d8e537d340e/out/vs/platform/terminal/node/ptyHostMain.js:11:2275),    at O.fire (/home/aleksie/.vscode-server/bin/64bbfbf67ada9953918d72e1df2f4d8e537d340e/out/vs/platform/terminal/node/ptyHostMain.js:11:1853),    at process.X (/home/aleksie/.vscode-server/bin/64bbfbf67ada9953918d72e1df2f4d8e537d340e/out/vs/platform/terminal/node/ptyHostMain.js:9:20837),    at process.emit (node:events:526:28),    at emit (node:internal/child_process:938:14),    at processTicksAndRejections (node:internal/process/task_queues:84:21)
[02:30:46] [Error [CodeExpectedError]: Could not find pty on pty host,    at a._throwIfNoPty (/home/aleksie/.vscode-server/bin/64bbfbf67ada9953918d72e1df2f4d8e537d340e/out/vs/platform/terminal/node/ptyHostMain.js:27:7252),    at a.updateTitle (/home/aleksie/.vscode-server/bin/64bbfbf67ada9953918d72e1df2f4d8e537d340e/out/vs/platform/terminal/node/ptyHostMain.js:27:2984),    at Object.call (/home/aleksie/.vscode-server/bin/64bbfbf67ada9953918d72e1df2f4d8e537d340e/out/vs/platform/terminal/node/ptyHostMain.js:16:8386),    at c.onPromise (/home/aleksie/.vscode-server/bin/64bbfbf67ada9953918d72e1df2f4d8e537d340e/out/vs/platform/terminal/node/ptyHostMain.js:15:5833),    at c.onRawMessage (/home/aleksie/.vscode-server/bin/64bbfbf67ada9953918d72e1df2f4d8e537d340e/out/vs/platform/terminal/node/ptyHostMain.js:15:5216),    at /home/aleksie/.vscode-server/bin/64bbfbf67ada9953918d72e1df2f4d8e537d340e/out/vs/platform/terminal/node/ptyHostMain.js:15:4502,    at m.invoke (/home/aleksie/.vscode-server/bin/64bbfbf67ada9953918d72e1df2f4d8e537d340e/out/vs/platform/terminal/node/ptyHostMain.js:11:145),    at D.deliver (/home/aleksie/.vscode-server/bin/64bbfbf67ada9953918d72e1df2f4d8e537d340e/out/vs/platform/terminal/node/ptyHostMain.js:11:2275),    at O.fire (/home/aleksie/.vscode-server/bin/64bbfbf67ada9953918d72e1df2f4d8e537d340e/out/vs/platform/terminal/node/ptyHostMain.js:11:1853),    at process.X (/home/aleksie/.vscode-server/bin/64bbfbf67ada9953918d72e1df2f4d8e537d340e/out/vs/platform/terminal/node/ptyHostMain.js:9:20837),    at process.emit (node:events:526:28),    at emit (node:internal/child_process:938:14),    at processTicksAndRejections (node:internal/process/task_queues:84:21)]
[02:30:51] [127.0.0.1][d3170b66][ExtensionHostConnection] The client has reconnected.
[02:44:15] [127.0.0.1][a7b18359][ManagementConnection] New connection established.
[02:44:15] [127.0.0.1][fcd0ee40][ExtensionHostConnection] New connection established.
[02:44:15] [127.0.0.1][fcd0ee40][ExtensionHostConnection] <501922> Launched Extension Host Process.
[IPC Library: Pty Host]  WARN Shell integration cannot be enabled for executable "/bin/sh" and args [
  '-c',
  'wget --version > /dev/null\n' +
    'if [ $? -eq 0 ]\n' +
    'then\n' +
    "\twget --connect-timeout=7 --tries=1 --dns-timeout=7 -q --header='Metadata:true' -O - http://169.254.169.254/metadata/instance?api-version=2019-03-11\n" +
    'else\n' +
    '\tcurl --version > /dev/null\n' +
    '\tif [ $? -eq 0 ]\n' +
    '\tthen\n' +
    "\t\tcurl --connect-timeout 7 -s --header='Metadata:true' http://169.254.169.254/metadata/instance?api-version=2019-03-11\n" +
    '\tfi\n' +
    'fi\n' +
    'exit 0'
]
[IPC Library: Pty Host]  WARN Shell integration cannot be enabled for executable "/bin/sh" and args [
  '-c',
  'wget --version > /dev/null\n' +
    'if [ $? -eq 0 ]\n' +
    'then\n' +
    '\twget --connect-timeout=7 --tries=1 --dns-timeout=7 -q  -O - http://169.254.169.254/latest/meta-data/instance-id\n' +
    'else\n' +
    '\tcurl --version > /dev/null\n' +
    '\tif [ $? -eq 0 ]\n' +
    '\tthen\n' +
    '\t\tcurl --connect-timeout 7 -s  http://169.254.169.254/latest/meta-data/instance-id\n' +
    '\tfi\n' +
    'fi\n' +
    'exit 0'
]
[IPC Library: Pty Host]  WARN Shell integration cannot be enabled for executable "/bin/sh" and args [
  '-c',
  'wget --version > /dev/null\n' +
    'if [ $? -eq 0 ]\n' +
    'then\n' +
    '\twget --connect-timeout=7 --tries=1 --dns-timeout=7 -q  -O - http://169.254.169.254/metadata/v1/id\n' +
    'else\n' +
    '\tcurl --version > /dev/null\n' +
    '\tif [ $? -eq 0 ]\n' +
    '\tthen\n' +
    '\t\tcurl --connect-timeout 7 -s  http://169.254.169.254/metadata/v1/id\n' +
    '\tfi\n' +
    'fi\n' +
    'exit 0'
]
[IPC Library: Pty Host]  WARN Shell integration cannot be enabled for executable "/bin/sh" and args [
  '-c',
  'wget --version > /dev/null\n' +
    'if [ $? -eq 0 ]\n' +
    'then\n' +
    "\twget --connect-timeout=7 --tries=1 --dns-timeout=7 -q --header='Metadata-Flavor:Google' -O - http://metadata.google.internal/computeMetadata/v1/instance/id\n" +
    'else\n' +
    '\tcurl --version > /dev/null\n' +
    '\tif [ $? -eq 0 ]\n' +
    '\tthen\n' +
    "\t\tcurl --connect-timeout 7 -s --header='Metadata-Flavor:Google' http://metadata.google.internal/computeMetadata/v1/instance/id\n" +
    '\tfi\n' +
    'fi\n' +
    'exit 0'
]
[IPC Library: Pty Host]  WARN Persistent process "10": Process had no disconnect runners but was an orphan
[IPC Library: Pty Host]  INFO Persistent process reconnection "10"
[IPC Library: Pty Host]  INFO Persistent process "10": Replaying 679 chars and 1 size events
[02:49:16] [127.0.0.1][d3170b66][ExtensionHostConnection] <500427> Extension Host Process exited with code: 0, signal: null.
[04:00:22] [127.0.0.1][7a5c2e4f][ManagementConnection] New connection established.
[04:00:22] [127.0.0.1][238a0bd7][ExtensionHostConnection] New connection established.
[04:00:22] [127.0.0.1][238a0bd7][ExtensionHostConnection] <502554> Launched Extension Host Process.
[IPC Library: Pty Host]  WARN Shell integration cannot be enabled for executable "/bin/sh" and args [
  '-c',
  'wget --version > /dev/null\n' +
    'if [ $? -eq 0 ]\n' +
    'then\n' +
    "\twget --connect-timeout=7 --tries=1 --dns-timeout=7 -q --header='Metadata:true' -O - http://169.254.169.254/metadata/instance?api-version=2019-03-11\n" +
    'else\n' +
    '\tcurl --version > /dev/null\n' +
    '\tif [ $? -eq 0 ]\n' +
    '\tthen\n' +
    "\t\tcurl --connect-timeout 7 -s --header='Metadata:true' http://169.254.169.254/metadata/instance?api-version=2019-03-11\n" +
    '\tfi\n' +
    'fi\n' +
    'exit 0'
]
[IPC Library: Pty Host]  WARN Shell integration cannot be enabled for executable "/bin/sh" and args [
  '-c',
  'wget --version > /dev/null\n' +
    'if [ $? -eq 0 ]\n' +
    'then\n' +
    '\twget --connect-timeout=7 --tries=1 --dns-timeout=7 -q  -O - http://169.254.169.254/latest/meta-data/instance-id\n' +
    'else\n' +
    '\tcurl --version > /dev/null\n' +
    '\tif [ $? -eq 0 ]\n' +
    '\tthen\n' +
    '\t\tcurl --connect-timeout 7 -s  http://169.254.169.254/latest/meta-data/instance-id\n' +
    '\tfi\n' +
    'fi\n' +
    'exit 0'
]
[IPC Library: Pty Host]  WARN Shell integration cannot be enabled for executable "/bin/sh" and args [
  '-c',
  'wget --version > /dev/null\n' +
    'if [ $? -eq 0 ]\n' +
    'then\n' +
    '\twget --connect-timeout=7 --tries=1 --dns-timeout=7 -q  -O - http://169.254.169.254/metadata/v1/id\n' +
    'else\n' +
    '\tcurl --version > /dev/null\n' +
    '\tif [ $? -eq 0 ]\n' +
    '\tthen\n' +
    '\t\tcurl --connect-timeout 7 -s  http://169.254.169.254/metadata/v1/id\n' +
    '\tfi\n' +
    'fi\n' +
    'exit 0'
]
[IPC Library: Pty Host]  WARN Shell integration cannot be enabled for executable "/bin/sh" and args [
  '-c',
  'wget --version > /dev/null\n' +
    'if [ $? -eq 0 ]\n' +
    'then\n' +
    "\twget --connect-timeout=7 --tries=1 --dns-timeout=7 -q --header='Metadata-Flavor:Google' -O - http://metadata.google.internal/computeMetadata/v1/instance/id\n" +
    'else\n' +
    '\tcurl --version > /dev/null\n' +
    '\tif [ $? -eq 0 ]\n' +
    '\tthen\n' +
    "\t\tcurl --connect-timeout 7 -s --header='Metadata-Flavor:Google' http://metadata.google.internal/computeMetadata/v1/instance/id\n" +
    '\tfi\n' +
    'fi\n' +
    'exit 0'
]
[IPC Library: Pty Host]  WARN Persistent process "10": Process had no disconnect runners but was an orphan
[IPC Library: Pty Host]  INFO Persistent process reconnection "10"
[IPC Library: Pty Host]  INFO Persistent process "10": Replaying 679 chars and 1 size events
[04:05:23] [127.0.0.1][fcd0ee40][ExtensionHostConnection] <501922> Extension Host Process exited with code: 0, signal: null.
[04:27:06] [127.0.0.1][7a5c2e4f][ManagementConnection] The client has disconnected gracefully, so the connection will be disposed.
